==============================================================================
20170925 17:08:02.129 - INFO - + START SUITE: Acceptancetest [ ]
==============================================================================
20170925 17:08:02.697 - INFO - +- START SUITE: Acceptancetest.TicTacToeGUITests [ ]
==============================================================================
20170925 17:08:02.700 - INFO - +-- START TEST: Win Diagonally as X [ ]
------------------------------------------------------------------------------
20170925 17:08:02.704 - INFO - +--- START KW: Start New Game [ ]
20170925 17:08:02.706 - INFO - +---- START KW: SwingLibrary.Start Application [ edu.jsu.mcis.TicTacToe ]
20170925 17:08:02.835 - INFO - +---- END KW: SwingLibrary.Start Application (127)
20170925 17:08:02.836 - INFO - +---- START KW: SwingLibrary.Select Window [ Tic-Tac-Toe ]
20170925 17:08:02.920 - DEBUG - Jemmy: Start to wait frame "Frame with name or title 'Tic-Tac-Toe'" opened
20170925 17:08:02.922 - DEBUG - Jemmy: Frame "Frame with name or title 'Tic-Tac-Toe'" has been opened in 1 milliseconds
    javax.swing.JFrame[frame0,0,0,255x255,layout=java.awt.BorderLayout,title=Tic-Tac-Toe,resizable,normal,defaultCloseOperation=EXIT_ON_CLOSE,rootPane=javax.swing.JRootPane[,9,38,237x208,layout=javax.swing.JRootPane$RootLayout,alignmentX=0.0,alignmentY=0.0,border=,flags=16777673,maximumSize=,minimumSize=,preferredSize=],rootPaneCheckingEnabled=true]
20170925 17:08:02.930 - INFO - +---- END KW: SwingLibrary.Select Window (93)
20170925 17:08:02.932 - INFO - +--- END KW: Start New Game (227)
~~~~~~~~~~~~~~~~~~~~~~~~~~~~~~~~~~~~~~~~~~~~~~~~~~~~~~~~~~~~~~~~~~~~~~~~~~~~~~
20170925 17:08:02.934 - INFO - +--- START KW: Mark Location [ 1 | 1 ]
20170925 17:08:02.938 - INFO - +---- START KW: BuiltIn.Catenate [ SEPARATOR= | Square | ${row} | ${col} ]
20170925 17:08:02.943 - INFO - ${component} = Square11
20170925 17:08:02.945 - INFO - +---- END KW: BuiltIn.Catenate (7)
20170925 17:08:02.946 - INFO - +---- START KW: SwingLibrary.Click On Component [ ${component} ]
20170925 17:08:02.975 - DEBUG - Jemmy: Waiting for "Square11" subcomponent
20170925 17:08:02.976 - DEBUG - Jemmy: Start to wait action "Wait for "Square11" subcomponent to be displayed"
20170925 17:08:02.977 - DEBUG - Jemmy: "Wait for "Square11" subcomponent to be displayed" action has been produced in 1 milliseconds with result 
    : javax.swing.JButton[Square11,79,64,79x64,alignmentX=0.0,alignmentY=0.5,border=javax.swing.plaf.BorderUIResource$CompoundBorderUIResource@5c39726c,flags=296,maximumSize=,minimumSize=,preferredSize=java.awt.Dimension[width=64,height=64],defaultIcon=,disabledIcon=,disabledSelectedIcon=,margin=javax.swing.plaf.InsetsUIResource[top=2,left=14,bottom=2,right=14],paintBorder=true,paintFocus=true,pressedIcon=,rolloverEnabled=true,rolloverIcon=,rolloverSelectedIcon=,selectedIcon=,text=-,defaultCapable=true]
20170925 17:08:02.990 - INFO - +---- END KW: SwingLibrary.Click On Component (44)
20170925 17:08:02.992 - INFO - +--- END KW: Mark Location (57)
~~~~~~~~~~~~~~~~~~~~~~~~~~~~~~~~~~~~~~~~~~~~~~~~~~~~~~~~~~~~~~~~~~~~~~~~~~~~~~
20170925 17:08:02.993 - INFO - +--- START KW: Check Location [ 1 | 1 | X ]
20170925 17:08:02.996 - INFO - +---- START KW: BuiltIn.Catenate [ SEPARATOR= | Square | ${row} | ${col} ]
20170925 17:08:02.999 - INFO - ${component} = Square11
20170925 17:08:03.000 - INFO - +---- END KW: BuiltIn.Catenate (4)
20170925 17:08:03.001 - INFO - +---- START KW: SwingLibrary.Get Button Text [ ${component} ]
20170925 17:08:03.028 - DEBUG - Jemmy: Waiting for "Square11" subcomponent
20170925 17:08:03.028 - DEBUG - Jemmy: Start to wait action "Wait for "Square11" subcomponent to be displayed"
20170925 17:08:03.038 - DEBUG - Jemmy: "Wait for "Square11" subcomponent to be displayed" action has been produced in 10 milliseconds with result 
    : javax.swing.JButton[Square11,79,64,79x64,alignmentX=0.0,alignmentY=0.5,border=javax.swing.plaf.BorderUIResource$CompoundBorderUIResource@5c39726c,flags=296,maximumSize=,minimumSize=,preferredSize=java.awt.Dimension[width=64,height=64],defaultIcon=,disabledIcon=,disabledSelectedIcon=,margin=javax.swing.plaf.InsetsUIResource[top=2,left=14,bottom=2,right=14],paintBorder=true,paintFocus=true,pressedIcon=,rolloverEnabled=true,rolloverIcon=,rolloverSelectedIcon=,selectedIcon=,text=X,defaultCapable=true]
20170925 17:08:03.042 - INFO - ${text} = X
20170925 17:08:03.044 - INFO - +---- END KW: SwingLibrary.Get Button Text (43)
20170925 17:08:03.045 - INFO - +---- START KW: BuiltIn.Should Be Equal [ ${text} | ${mark} ]
20170925 17:08:03.050 - INFO - +---- END KW: BuiltIn.Should Be Equal (4)
20170925 17:08:03.053 - INFO - +--- END KW: Check Location (59)
~~~~~~~~~~~~~~~~~~~~~~~~~~~~~~~~~~~~~~~~~~~~~~~~~~~~~~~~~~~~~~~~~~~~~~~~~~~~~~
20170925 17:08:03.054 - INFO - +--- START KW: Mark Location [ 0 | 1 ]
20170925 17:08:03.057 - INFO - +---- START KW: BuiltIn.Catenate [ SEPARATOR= | Square | ${row} | ${col} ]
20170925 17:08:03.062 - INFO - ${component} = Square01
20170925 17:08:03.064 - INFO - +---- END KW: BuiltIn.Catenate (6)
20170925 17:08:03.065 - INFO - +---- START KW: SwingLibrary.Click On Component [ ${component} ]
20170925 17:08:03.068 - DEBUG - Jemmy: Waiting for "Square01" subcomponent
20170925 17:08:03.068 - DEBUG - Jemmy: Start to wait action "Wait for "Square01" subcomponent to be displayed"
20170925 17:08:03.069 - DEBUG - Jemmy: "Wait for "Square01" subcomponent to be displayed" action has been produced in 1 milliseconds with result 
    : javax.swing.JButton[Square01,79,0,79x64,alignmentX=0.0,alignmentY=0.5,border=javax.swing.plaf.BorderUIResource$CompoundBorderUIResource@5c39726c,flags=296,maximumSize=,minimumSize=,preferredSize=java.awt.Dimension[width=64,height=64],defaultIcon=,disabledIcon=,disabledSelectedIcon=,margin=javax.swing.plaf.InsetsUIResource[top=2,left=14,bottom=2,right=14],paintBorder=true,paintFocus=true,pressedIcon=,rolloverEnabled=true,rolloverIcon=,rolloverSelectedIcon=,selectedIcon=,text=-,defaultCapable=true]
20170925 17:08:03.076 - INFO - +---- END KW: SwingLibrary.Click On Component (10)
20170925 17:08:03.078 - INFO - +--- END KW: Mark Location (23)
~~~~~~~~~~~~~~~~~~~~~~~~~~~~~~~~~~~~~~~~~~~~~~~~~~~~~~~~~~~~~~~~~~~~~~~~~~~~~~
20170925 17:08:03.079 - INFO - +--- START KW: Check Location [ 0 | 1 | O ]
20170925 17:08:03.081 - INFO - +---- START KW: BuiltIn.Catenate [ SEPARATOR= | Square | ${row} | ${col} ]
20170925 17:08:03.084 - INFO - ${component} = Square01
20170925 17:08:03.085 - INFO - +---- END KW: BuiltIn.Catenate (4)
20170925 17:08:03.087 - INFO - +---- START KW: SwingLibrary.Get Button Text [ ${component} ]
20170925 17:08:03.090 - DEBUG - Jemmy: Waiting for "Square01" subcomponent
20170925 17:08:03.090 - DEBUG - Jemmy: Start to wait action "Wait for "Square01" subcomponent to be displayed"
20170925 17:08:03.092 - DEBUG - Jemmy: "Wait for "Square01" subcomponent to be displayed" action has been produced in 1 milliseconds with result 
    : javax.swing.JButton[Square01,79,0,79x64,alignmentX=0.0,alignmentY=0.5,border=javax.swing.plaf.BorderUIResource$CompoundBorderUIResource@5c39726c,flags=296,maximumSize=,minimumSize=,preferredSize=java.awt.Dimension[width=64,height=64],defaultIcon=,disabledIcon=,disabledSelectedIcon=,margin=javax.swing.plaf.InsetsUIResource[top=2,left=14,bottom=2,right=14],paintBorder=true,paintFocus=true,pressedIcon=,rolloverEnabled=true,rolloverIcon=,rolloverSelectedIcon=,selectedIcon=,text=O,defaultCapable=true]
20170925 17:08:03.094 - INFO - ${text} = O
20170925 17:08:03.095 - INFO - +---- END KW: SwingLibrary.Get Button Text (9)
20170925 17:08:03.096 - INFO - +---- START KW: BuiltIn.Should Be Equal [ ${text} | ${mark} ]
20170925 17:08:03.098 - INFO - +---- END KW: BuiltIn.Should Be Equal (2)
20170925 17:08:03.099 - INFO - +--- END KW: Check Location (21)
~~~~~~~~~~~~~~~~~~~~~~~~~~~~~~~~~~~~~~~~~~~~~~~~~~~~~~~~~~~~~~~~~~~~~~~~~~~~~~
20170925 17:08:03.101 - INFO - +--- START KW: Mark Location [ 0 | 0 ]
20170925 17:08:03.103 - INFO - +---- START KW: BuiltIn.Catenate [ SEPARATOR= | Square | ${row} | ${col} ]
20170925 17:08:03.106 - INFO - ${component} = Square00
20170925 17:08:03.108 - INFO - +---- END KW: BuiltIn.Catenate (4)
20170925 17:08:03.109 - INFO - +---- START KW: SwingLibrary.Click On Component [ ${component} ]
20170925 17:08:03.112 - DEBUG - Jemmy: Waiting for "Square00" subcomponent
20170925 17:08:03.112 - DEBUG - Jemmy: Start to wait action "Wait for "Square00" subcomponent to be displayed"
20170925 17:08:03.114 - DEBUG - Jemmy: "Wait for "Square00" subcomponent to be displayed" action has been produced in 1 milliseconds with result 
    : javax.swing.JButton[Square00,0,0,79x64,alignmentX=0.0,alignmentY=0.5,border=javax.swing.plaf.BorderUIResource$CompoundBorderUIResource@5c39726c,flags=296,maximumSize=,minimumSize=,preferredSize=java.awt.Dimension[width=64,height=64],defaultIcon=,disabledIcon=,disabledSelectedIcon=,margin=javax.swing.plaf.InsetsUIResource[top=2,left=14,bottom=2,right=14],paintBorder=true,paintFocus=true,pressedIcon=,rolloverEnabled=true,rolloverIcon=,rolloverSelectedIcon=,selectedIcon=,text=-,defaultCapable=true]
20170925 17:08:03.122 - INFO - +---- END KW: SwingLibrary.Click On Component (12)
20170925 17:08:03.123 - INFO - +--- END KW: Mark Location (23)
~~~~~~~~~~~~~~~~~~~~~~~~~~~~~~~~~~~~~~~~~~~~~~~~~~~~~~~~~~~~~~~~~~~~~~~~~~~~~~
20170925 17:08:03.124 - INFO - +--- START KW: Check Location [ 0 | 0 | X ]
20170925 17:08:03.127 - INFO - +---- START KW: BuiltIn.Catenate [ SEPARATOR= | Square | ${row} | ${col} ]
20170925 17:08:03.130 - INFO - ${component} = Square00
20170925 17:08:03.131 - INFO - +---- END KW: BuiltIn.Catenate (3)
20170925 17:08:03.131 - INFO - +---- START KW: SwingLibrary.Get Button Text [ ${component} ]
20170925 17:08:03.134 - DEBUG - Jemmy: Waiting for "Square00" subcomponent
20170925 17:08:03.134 - DEBUG - Jemmy: Start to wait action "Wait for "Square00" subcomponent to be displayed"
20170925 17:08:03.134 - DEBUG - Jemmy: "Wait for "Square00" subcomponent to be displayed" action has been produced in 0 milliseconds with result 
    : javax.swing.JButton[Square00,0,0,79x64,alignmentX=0.0,alignmentY=0.5,border=javax.swing.plaf.BorderUIResource$CompoundBorderUIResource@5c39726c,flags=296,maximumSize=,minimumSize=,preferredSize=java.awt.Dimension[width=64,height=64],defaultIcon=,disabledIcon=,disabledSelectedIcon=,margin=javax.swing.plaf.InsetsUIResource[top=2,left=14,bottom=2,right=14],paintBorder=true,paintFocus=true,pressedIcon=,rolloverEnabled=true,rolloverIcon=,rolloverSelectedIcon=,selectedIcon=,text=X,defaultCapable=true]
20170925 17:08:03.137 - INFO - ${text} = X
20170925 17:08:03.138 - INFO - +---- END KW: SwingLibrary.Get Button Text (6)
20170925 17:08:03.139 - INFO - +---- START KW: BuiltIn.Should Be Equal [ ${text} | ${mark} ]
20170925 17:08:03.142 - INFO - +---- END KW: BuiltIn.Should Be Equal (3)
20170925 17:08:03.144 - INFO - +--- END KW: Check Location (19)
~~~~~~~~~~~~~~~~~~~~~~~~~~~~~~~~~~~~~~~~~~~~~~~~~~~~~~~~~~~~~~~~~~~~~~~~~~~~~~
20170925 17:08:03.145 - INFO - +--- START KW: Mark Location [ 0 | 2 ]
20170925 17:08:03.148 - INFO - +---- START KW: BuiltIn.Catenate [ SEPARATOR= | Square | ${row} | ${col} ]
20170925 17:08:03.152 - INFO - ${component} = Square02
20170925 17:08:03.153 - INFO - +---- END KW: BuiltIn.Catenate (6)
20170925 17:08:03.154 - INFO - +---- START KW: SwingLibrary.Click On Component [ ${component} ]
20170925 17:08:03.156 - DEBUG - Jemmy: Waiting for "Square02" subcomponent
20170925 17:08:03.156 - DEBUG - Jemmy: Start to wait action "Wait for "Square02" subcomponent to be displayed"
20170925 17:08:03.156 - DEBUG - Jemmy: "Wait for "Square02" subcomponent to be displayed" action has been produced in 0 milliseconds with result 
    : javax.swing.JButton[Square02,158,0,79x64,alignmentX=0.0,alignmentY=0.5,border=javax.swing.plaf.BorderUIResource$CompoundBorderUIResource@5c39726c,flags=296,maximumSize=,minimumSize=,preferredSize=java.awt.Dimension[width=64,height=64],defaultIcon=,disabledIcon=,disabledSelectedIcon=,margin=javax.swing.plaf.InsetsUIResource[top=2,left=14,bottom=2,right=14],paintBorder=true,paintFocus=true,pressedIcon=,rolloverEnabled=true,rolloverIcon=,rolloverSelectedIcon=,selectedIcon=,text=-,defaultCapable=true]
20170925 17:08:03.162 - INFO - +---- END KW: SwingLibrary.Click On Component (7)
20170925 17:08:03.163 - INFO - +--- END KW: Mark Location (18)
~~~~~~~~~~~~~~~~~~~~~~~~~~~~~~~~~~~~~~~~~~~~~~~~~~~~~~~~~~~~~~~~~~~~~~~~~~~~~~
20170925 17:08:03.164 - INFO - +--- START KW: Check Location [ 0 | 2 | O ]
20170925 17:08:03.166 - INFO - +---- START KW: BuiltIn.Catenate [ SEPARATOR= | Square | ${row} | ${col} ]
20170925 17:08:03.169 - INFO - ${component} = Square02
20170925 17:08:03.170 - INFO - +---- END KW: BuiltIn.Catenate (4)
20170925 17:08:03.171 - INFO - +---- START KW: SwingLibrary.Get Button Text [ ${component} ]
20170925 17:08:03.172 - DEBUG - Jemmy: Waiting for "Square02" subcomponent
20170925 17:08:03.172 - DEBUG - Jemmy: Start to wait action "Wait for "Square02" subcomponent to be displayed"
20170925 17:08:03.173 - DEBUG - Jemmy: "Wait for "Square02" subcomponent to be displayed" action has been produced in 1 milliseconds with result 
    : javax.swing.JButton[Square02,158,0,79x64,alignmentX=0.0,alignmentY=0.5,border=javax.swing.plaf.BorderUIResource$CompoundBorderUIResource@5c39726c,flags=296,maximumSize=,minimumSize=,preferredSize=java.awt.Dimension[width=64,height=64],defaultIcon=,disabledIcon=,disabledSelectedIcon=,margin=javax.swing.plaf.InsetsUIResource[top=2,left=14,bottom=2,right=14],paintBorder=true,paintFocus=true,pressedIcon=,rolloverEnabled=true,rolloverIcon=,rolloverSelectedIcon=,selectedIcon=,text=O,defaultCapable=true]
20170925 17:08:03.176 - INFO - ${text} = O
20170925 17:08:03.177 - INFO - +---- END KW: SwingLibrary.Get Button Text (6)
20170925 17:08:03.177 - INFO - +---- START KW: BuiltIn.Should Be Equal [ ${text} | ${mark} ]
20170925 17:08:03.180 - INFO - +---- END KW: BuiltIn.Should Be Equal (3)
20170925 17:08:03.182 - INFO - +--- END KW: Check Location (18)
~~~~~~~~~~~~~~~~~~~~~~~~~~~~~~~~~~~~~~~~~~~~~~~~~~~~~~~~~~~~~~~~~~~~~~~~~~~~~~
20170925 17:08:03.183 - INFO - +--- START KW: Mark Location [ 2 | 2 ]
20170925 17:08:03.185 - INFO - +---- START KW: BuiltIn.Catenate [ SEPARATOR= | Square | ${row} | ${col} ]
20170925 17:08:03.188 - INFO - ${component} = Square22
20170925 17:08:03.189 - INFO - +---- END KW: BuiltIn.Catenate (4)
20170925 17:08:03.190 - INFO - +---- START KW: SwingLibrary.Click On Component [ ${component} ]
20170925 17:08:03.192 - DEBUG - Jemmy: Waiting for "Square22" subcomponent
20170925 17:08:03.192 - DEBUG - Jemmy: Start to wait action "Wait for "Square22" subcomponent to be displayed"
20170925 17:08:03.193 - DEBUG - Jemmy: "Wait for "Square22" subcomponent to be displayed" action has been produced in 1 milliseconds with result 
    : javax.swing.JButton[Square22,158,128,79x64,alignmentX=0.0,alignmentY=0.5,border=javax.swing.plaf.BorderUIResource$CompoundBorderUIResource@5c39726c,flags=296,maximumSize=,minimumSize=,preferredSize=java.awt.Dimension[width=64,height=64],defaultIcon=,disabledIcon=,disabledSelectedIcon=,margin=javax.swing.plaf.InsetsUIResource[top=2,left=14,bottom=2,right=14],paintBorder=true,paintFocus=true,pressedIcon=,rolloverEnabled=true,rolloverIcon=,rolloverSelectedIcon=,selectedIcon=,text=-,defaultCapable=true]
20170925 17:08:03.203 - INFO - +---- END KW: SwingLibrary.Click On Component (12)
20170925 17:08:03.204 - INFO - +--- END KW: Mark Location (21)
~~~~~~~~~~~~~~~~~~~~~~~~~~~~~~~~~~~~~~~~~~~~~~~~~~~~~~~~~~~~~~~~~~~~~~~~~~~~~~
20170925 17:08:03.205 - INFO - +--- START KW: Check Location [ 2 | 2 | X ]
20170925 17:08:03.208 - INFO - +---- START KW: BuiltIn.Catenate [ SEPARATOR= | Square | ${row} | ${col} ]
20170925 17:08:03.211 - INFO - ${component} = Square22
20170925 17:08:03.212 - INFO - +---- END KW: BuiltIn.Catenate (5)
20170925 17:08:03.213 - INFO - +---- START KW: SwingLibrary.Get Button Text [ ${component} ]
20170925 17:08:03.215 - DEBUG - Jemmy: Waiting for "Square22" subcomponent
20170925 17:08:03.215 - DEBUG - Jemmy: Start to wait action "Wait for "Square22" subcomponent to be displayed"
20170925 17:08:03.218 - DEBUG - Jemmy: "Wait for "Square22" subcomponent to be displayed" action has been produced in 3 milliseconds with result 
    : javax.swing.JButton[Square22,158,128,79x64,disabled,alignmentX=0.0,alignmentY=0.5,border=javax.swing.plaf.BorderUIResource$CompoundBorderUIResource@5c39726c,flags=296,maximumSize=,minimumSize=,preferredSize=java.awt.Dimension[width=64,height=64],defaultIcon=,disabledIcon=,disabledSelectedIcon=,margin=javax.swing.plaf.InsetsUIResource[top=2,left=14,bottom=2,right=14],paintBorder=true,paintFocus=true,pressedIcon=,rolloverEnabled=true,rolloverIcon=,rolloverSelectedIcon=,selectedIcon=,text=X,defaultCapable=true]
20170925 17:08:03.221 - INFO - ${text} = X
20170925 17:08:03.222 - INFO - +---- END KW: SwingLibrary.Get Button Text (8)
20170925 17:08:03.223 - INFO - +---- START KW: BuiltIn.Should Be Equal [ ${text} | ${mark} ]
20170925 17:08:03.226 - INFO - +---- END KW: BuiltIn.Should Be Equal (3)
20170925 17:08:03.227 - INFO - +--- END KW: Check Location (22)
~~~~~~~~~~~~~~~~~~~~~~~~~~~~~~~~~~~~~~~~~~~~~~~~~~~~~~~~~~~~~~~~~~~~~~~~~~~~~~
20170925 17:08:03.228 - INFO - +--- START KW: Winner Should Be [ X ]
20170925 17:08:03.230 - INFO - +---- START KW: SwingLibrary.Get Label Content [ ResultLabel ]
20170925 17:08:03.241 - DEBUG - Jemmy: Waiting for "ResultLabel" subcomponent
20170925 17:08:03.241 - DEBUG - Jemmy: Start to wait action "Wait for "ResultLabel" subcomponent to be displayed"
20170925 17:08:03.241 - DEBUG - Jemmy: "Wait for "ResultLabel" subcomponent to be displayed" action has been produced in 0 milliseconds with result 
    : javax.swing.JLabel[ResultLabel,117,192,8x16,alignmentX=0.0,alignmentY=0.0,border=,flags=8388608,maximumSize=,minimumSize=,preferredSize=,defaultIcon=,disabledIcon=,horizontalAlignment=LEADING,horizontalTextPosition=TRAILING,iconTextGap=4,labelFor=,text=X,verticalAlignment=CENTER,verticalTextPosition=CENTER]
20170925 17:08:03.243 - INFO - ${text} = X
20170925 17:08:03.244 - INFO - +---- END KW: SwingLibrary.Get Label Content (14)
20170925 17:08:03.245 - INFO - +---- START KW: BuiltIn.Should Be Equal [ ${text} | ${winner} ]
20170925 17:08:03.247 - INFO - +---- END KW: BuiltIn.Should Be Equal (2)
20170925 17:08:03.248 - INFO - +---- START KW: SwingLibrary.Close Window [ Tic-Tac-Toe ]
20170925 17:08:03.249 - DEBUG - Jemmy: Start to wait frame "Frame with name or title 'Tic-Tac-Toe'" opened
20170925 17:08:03.250 - DEBUG - Jemmy: Frame "Frame with name or title 'Tic-Tac-Toe'" has been opened in 0 milliseconds
    javax.swing.JFrame[frame0,0,0,255x255,invalid,layout=java.awt.BorderLayout,title=Tic-Tac-Toe,resizable,normal,defaultCloseOperation=EXIT_ON_CLOSE,rootPane=javax.swing.JRootPane[,9,38,237x208,layout=javax.swing.JRootPane$RootLayout,alignmentX=0.0,alignmentY=0.0,border=,flags=16777673,maximumSize=,minimumSize=,preferredSize=],rootPaneCheckingEnabled=true]
20170925 17:08:03.417 - INFO - +---- END KW: SwingLibrary.Close Window (168)
20170925 17:08:03.417 - INFO - +--- END KW: Winner Should Be (189)
------------------------------------------------------------------------------
20170925 17:08:03.419 - INFO - +-- END TEST: Win Diagonally as X (718)
------------------------------------------------------------------------------
20170925 17:08:03.422 - INFO - +-- START TEST: Win Horizontally as O [ ]
------------------------------------------------------------------------------
20170925 17:08:03.426 - INFO - +--- START KW: Start New Game [ ]
20170925 17:08:03.430 - INFO - +---- START KW: SwingLibrary.Start Application [ edu.jsu.mcis.TicTacToe ]
20170925 17:08:03.469 - INFO - +---- END KW: SwingLibrary.Start Application (38)
20170925 17:08:03.470 - INFO - +---- START KW: SwingLibrary.Select Window [ Tic-Tac-Toe ]
20170925 17:08:03.473 - DEBUG - Jemmy: Start to wait frame "Frame with name or title 'Tic-Tac-Toe'" opened
20170925 17:08:03.478 - DEBUG - Jemmy: Frame "Frame with name or title 'Tic-Tac-Toe'" has been opened in 1 milliseconds
    javax.swing.JFrame[frame1,0,0,255x255,layout=java.awt.BorderLayout,title=Tic-Tac-Toe,resizable,normal,defaultCloseOperation=EXIT_ON_CLOSE,rootPane=javax.swing.JRootPane[,9,38,237x208,layout=javax.swing.JRootPane$RootLayout,alignmentX=0.0,alignmentY=0.0,border=,flags=16777673,maximumSize=,minimumSize=,preferredSize=],rootPaneCheckingEnabled=true]
20170925 17:08:03.485 - INFO - +---- END KW: SwingLibrary.Select Window (15)
20170925 17:08:03.486 - INFO - +--- END KW: Start New Game (60)
~~~~~~~~~~~~~~~~~~~~~~~~~~~~~~~~~~~~~~~~~~~~~~~~~~~~~~~~~~~~~~~~~~~~~~~~~~~~~~
20170925 17:08:03.487 - INFO - +--- START KW: Mark Location [ 1 | 1 ]
20170925 17:08:03.490 - INFO - +---- START KW: BuiltIn.Catenate [ SEPARATOR= | Square | ${row} | ${col} ]
20170925 17:08:03.493 - INFO - ${component} = Square11
20170925 17:08:03.494 - INFO - +---- END KW: BuiltIn.Catenate (3)
20170925 17:08:03.495 - INFO - +---- START KW: SwingLibrary.Click On Component [ ${component} ]
20170925 17:08:03.497 - DEBUG - Jemmy: Waiting for "Square11" subcomponent
20170925 17:08:03.497 - DEBUG - Jemmy: Start to wait action "Wait for "Square11" subcomponent to be displayed"
20170925 17:08:03.497 - DEBUG - Jemmy: "Wait for "Square11" subcomponent to be displayed" action has been produced in 0 milliseconds with result 
    : javax.swing.JButton[Square11,79,64,79x64,alignmentX=0.0,alignmentY=0.5,border=javax.swing.plaf.BorderUIResource$CompoundBorderUIResource@5c39726c,flags=296,maximumSize=,minimumSize=,preferredSize=java.awt.Dimension[width=64,height=64],defaultIcon=,disabledIcon=,disabledSelectedIcon=,margin=javax.swing.plaf.InsetsUIResource[top=2,left=14,bottom=2,right=14],paintBorder=true,paintFocus=true,pressedIcon=,rolloverEnabled=true,rolloverIcon=,rolloverSelectedIcon=,selectedIcon=,text=-,defaultCapable=true]
20170925 17:08:03.507 - INFO - +---- END KW: SwingLibrary.Click On Component (11)
20170925 17:08:03.508 - INFO - +--- END KW: Mark Location (21)
~~~~~~~~~~~~~~~~~~~~~~~~~~~~~~~~~~~~~~~~~~~~~~~~~~~~~~~~~~~~~~~~~~~~~~~~~~~~~~
20170925 17:08:03.509 - INFO - +--- START KW: Check Location [ 1 | 1 | X ]
20170925 17:08:03.511 - INFO - +---- START KW: BuiltIn.Catenate [ SEPARATOR= | Square | ${row} | ${col} ]
20170925 17:08:03.514 - INFO - ${component} = Square11
20170925 17:08:03.516 - INFO - +---- END KW: BuiltIn.Catenate (4)
20170925 17:08:03.517 - INFO - +---- START KW: SwingLibrary.Get Button Text [ ${component} ]
20170925 17:08:03.520 - DEBUG - Jemmy: Waiting for "Square11" subcomponent
20170925 17:08:03.521 - DEBUG - Jemmy: Start to wait action "Wait for "Square11" subcomponent to be displayed"
20170925 17:08:03.524 - DEBUG - Jemmy: "Wait for "Square11" subcomponent to be displayed" action has been produced in 3 milliseconds with result 
    : javax.swing.JButton[Square11,79,64,79x64,alignmentX=0.0,alignmentY=0.5,border=javax.swing.plaf.BorderUIResource$CompoundBorderUIResource@5c39726c,flags=296,maximumSize=,minimumSize=,preferredSize=java.awt.Dimension[width=64,height=64],defaultIcon=,disabledIcon=,disabledSelectedIcon=,margin=javax.swing.plaf.InsetsUIResource[top=2,left=14,bottom=2,right=14],paintBorder=true,paintFocus=true,pressedIcon=,rolloverEnabled=true,rolloverIcon=,rolloverSelectedIcon=,selectedIcon=,text=X,defaultCapable=true]
20170925 17:08:03.527 - INFO - ${text} = X
20170925 17:08:03.528 - INFO - +---- END KW: SwingLibrary.Get Button Text (11)
20170925 17:08:03.529 - INFO - +---- START KW: BuiltIn.Should Be Equal [ ${text} | ${mark} ]
20170925 17:08:03.533 - INFO - +---- END KW: BuiltIn.Should Be Equal (4)
20170925 17:08:03.535 - INFO - +--- END KW: Check Location (26)
~~~~~~~~~~~~~~~~~~~~~~~~~~~~~~~~~~~~~~~~~~~~~~~~~~~~~~~~~~~~~~~~~~~~~~~~~~~~~~
20170925 17:08:03.536 - INFO - +--- START KW: Mark Location [ 2 | 0 ]
20170925 17:08:03.538 - INFO - +---- START KW: BuiltIn.Catenate [ SEPARATOR= | Square | ${row} | ${col} ]
20170925 17:08:03.542 - INFO - ${component} = Square20
20170925 17:08:03.543 - INFO - +---- END KW: BuiltIn.Catenate (4)
20170925 17:08:03.543 - INFO - +---- START KW: SwingLibrary.Click On Component [ ${component} ]
20170925 17:08:03.545 - DEBUG - Jemmy: Waiting for "Square20" subcomponent
20170925 17:08:03.545 - DEBUG - Jemmy: Start to wait action "Wait for "Square20" subcomponent to be displayed"
20170925 17:08:03.545 - DEBUG - Jemmy: "Wait for "Square20" subcomponent to be displayed" action has been produced in 0 milliseconds with result 
    : javax.swing.JButton[Square20,0,128,79x64,alignmentX=0.0,alignmentY=0.5,border=javax.swing.plaf.BorderUIResource$CompoundBorderUIResource@5c39726c,flags=296,maximumSize=,minimumSize=,preferredSize=java.awt.Dimension[width=64,height=64],defaultIcon=,disabledIcon=,disabledSelectedIcon=,margin=javax.swing.plaf.InsetsUIResource[top=2,left=14,bottom=2,right=14],paintBorder=true,paintFocus=true,pressedIcon=,rolloverEnabled=true,rolloverIcon=,rolloverSelectedIcon=,selectedIcon=,text=-,defaultCapable=true]
20170925 17:08:03.552 - INFO - +---- END KW: SwingLibrary.Click On Component (8)
20170925 17:08:03.553 - INFO - +--- END KW: Mark Location (16)
~~~~~~~~~~~~~~~~~~~~~~~~~~~~~~~~~~~~~~~~~~~~~~~~~~~~~~~~~~~~~~~~~~~~~~~~~~~~~~
20170925 17:08:03.554 - INFO - +--- START KW: Check Location [ 2 | 0 | O ]
20170925 17:08:03.556 - INFO - +---- START KW: BuiltIn.Catenate [ SEPARATOR= | Square | ${row} | ${col} ]
20170925 17:08:03.560 - INFO - ${component} = Square20
20170925 17:08:03.561 - INFO - +---- END KW: BuiltIn.Catenate (4)
20170925 17:08:03.561 - INFO - +---- START KW: SwingLibrary.Get Button Text [ ${component} ]
20170925 17:08:03.564 - DEBUG - Jemmy: Waiting for "Square20" subcomponent
20170925 17:08:03.564 - DEBUG - Jemmy: Start to wait action "Wait for "Square20" subcomponent to be displayed"
20170925 17:08:03.566 - DEBUG - Jemmy: "Wait for "Square20" subcomponent to be displayed" action has been produced in 1 milliseconds with result 
    : javax.swing.JButton[Square20,0,128,79x64,alignmentX=0.0,alignmentY=0.5,border=javax.swing.plaf.BorderUIResource$CompoundBorderUIResource@5c39726c,flags=296,maximumSize=,minimumSize=,preferredSize=java.awt.Dimension[width=64,height=64],defaultIcon=,disabledIcon=,disabledSelectedIcon=,margin=javax.swing.plaf.InsetsUIResource[top=2,left=14,bottom=2,right=14],paintBorder=true,paintFocus=true,pressedIcon=,rolloverEnabled=true,rolloverIcon=,rolloverSelectedIcon=,selectedIcon=,text=O,defaultCapable=true]
20170925 17:08:03.569 - INFO - ${text} = O
20170925 17:08:03.570 - INFO - +---- END KW: SwingLibrary.Get Button Text (8)
20170925 17:08:03.571 - INFO - +---- START KW: BuiltIn.Should Be Equal [ ${text} | ${mark} ]
20170925 17:08:03.574 - INFO - +---- END KW: BuiltIn.Should Be Equal (4)
20170925 17:08:03.576 - INFO - +--- END KW: Check Location (22)
~~~~~~~~~~~~~~~~~~~~~~~~~~~~~~~~~~~~~~~~~~~~~~~~~~~~~~~~~~~~~~~~~~~~~~~~~~~~~~
20170925 17:08:03.577 - INFO - +--- START KW: Mark Location [ 0 | 0 ]
20170925 17:08:03.579 - INFO - +---- START KW: BuiltIn.Catenate [ SEPARATOR= | Square | ${row} | ${col} ]
20170925 17:08:03.582 - INFO - ${component} = Square00
20170925 17:08:03.584 - INFO - +---- END KW: BuiltIn.Catenate (5)
20170925 17:08:03.584 - INFO - +---- START KW: SwingLibrary.Click On Component [ ${component} ]
20170925 17:08:03.587 - DEBUG - Jemmy: Waiting for "Square00" subcomponent
20170925 17:08:03.587 - DEBUG - Jemmy: Start to wait action "Wait for "Square00" subcomponent to be displayed"
20170925 17:08:03.588 - DEBUG - Jemmy: "Wait for "Square00" subcomponent to be displayed" action has been produced in 1 milliseconds with result 
    : javax.swing.JButton[Square00,0,0,79x64,alignmentX=0.0,alignmentY=0.5,border=javax.swing.plaf.BorderUIResource$CompoundBorderUIResource@5c39726c,flags=296,maximumSize=,minimumSize=,preferredSize=java.awt.Dimension[width=64,height=64],defaultIcon=,disabledIcon=,disabledSelectedIcon=,margin=javax.swing.plaf.InsetsUIResource[top=2,left=14,bottom=2,right=14],paintBorder=true,paintFocus=true,pressedIcon=,rolloverEnabled=true,rolloverIcon=,rolloverSelectedIcon=,selectedIcon=,text=-,defaultCapable=true]
20170925 17:08:03.594 - INFO - +---- END KW: SwingLibrary.Click On Component (9)
20170925 17:08:03.595 - INFO - +--- END KW: Mark Location (19)
~~~~~~~~~~~~~~~~~~~~~~~~~~~~~~~~~~~~~~~~~~~~~~~~~~~~~~~~~~~~~~~~~~~~~~~~~~~~~~
20170925 17:08:03.596 - INFO - +--- START KW: Check Location [ 0 | 0 | X ]
20170925 17:08:03.598 - INFO - +---- START KW: BuiltIn.Catenate [ SEPARATOR= | Square | ${row} | ${col} ]
20170925 17:08:03.602 - INFO - ${component} = Square00
20170925 17:08:03.603 - INFO - +---- END KW: BuiltIn.Catenate (5)
20170925 17:08:03.604 - INFO - +---- START KW: SwingLibrary.Get Button Text [ ${component} ]
20170925 17:08:03.606 - DEBUG - Jemmy: Waiting for "Square00" subcomponent
20170925 17:08:03.606 - DEBUG - Jemmy: Start to wait action "Wait for "Square00" subcomponent to be displayed"
20170925 17:08:03.606 - DEBUG - Jemmy: "Wait for "Square00" subcomponent to be displayed" action has been produced in 0 milliseconds with result 
    : javax.swing.JButton[Square00,0,0,79x64,alignmentX=0.0,alignmentY=0.5,border=javax.swing.plaf.BorderUIResource$CompoundBorderUIResource@5c39726c,flags=296,maximumSize=,minimumSize=,preferredSize=java.awt.Dimension[width=64,height=64],defaultIcon=,disabledIcon=,disabledSelectedIcon=,margin=javax.swing.plaf.InsetsUIResource[top=2,left=14,bottom=2,right=14],paintBorder=true,paintFocus=true,pressedIcon=,rolloverEnabled=true,rolloverIcon=,rolloverSelectedIcon=,selectedIcon=,text=X,defaultCapable=true]
20170925 17:08:03.610 - INFO - ${text} = X
20170925 17:08:03.611 - INFO - +---- END KW: SwingLibrary.Get Button Text (7)
20170925 17:08:03.612 - INFO - +---- START KW: BuiltIn.Should Be Equal [ ${text} | ${mark} ]
20170925 17:08:03.615 - INFO - +---- END KW: BuiltIn.Should Be Equal (3)
20170925 17:08:03.616 - INFO - +--- END KW: Check Location (20)
~~~~~~~~~~~~~~~~~~~~~~~~~~~~~~~~~~~~~~~~~~~~~~~~~~~~~~~~~~~~~~~~~~~~~~~~~~~~~~
20170925 17:08:03.617 - INFO - +--- START KW: Mark Location [ 2 | 2 ]
20170925 17:08:03.619 - INFO - +---- START KW: BuiltIn.Catenate [ SEPARATOR= | Square | ${row} | ${col} ]
20170925 17:08:03.622 - INFO - ${component} = Square22
20170925 17:08:03.622 - INFO - +---- END KW: BuiltIn.Catenate (3)
20170925 17:08:03.623 - INFO - +---- START KW: SwingLibrary.Click On Component [ ${component} ]
20170925 17:08:03.624 - DEBUG - Jemmy: Waiting for "Square22" subcomponent
20170925 17:08:03.624 - DEBUG - Jemmy: Start to wait action "Wait for "Square22" subcomponent to be displayed"
20170925 17:08:03.625 - DEBUG - Jemmy: "Wait for "Square22" subcomponent to be displayed" action has been produced in 1 milliseconds with result 
    : javax.swing.JButton[Square22,158,128,79x64,alignmentX=0.0,alignmentY=0.5,border=javax.swing.plaf.BorderUIResource$CompoundBorderUIResource@5c39726c,flags=296,maximumSize=,minimumSize=,preferredSize=java.awt.Dimension[width=64,height=64],defaultIcon=,disabledIcon=,disabledSelectedIcon=,margin=javax.swing.plaf.InsetsUIResource[top=2,left=14,bottom=2,right=14],paintBorder=true,paintFocus=true,pressedIcon=,rolloverEnabled=true,rolloverIcon=,rolloverSelectedIcon=,selectedIcon=,text=-,defaultCapable=true]
20170925 17:08:03.631 - INFO - +---- END KW: SwingLibrary.Click On Component (8)
20170925 17:08:03.634 - INFO - +--- END KW: Mark Location (16)
~~~~~~~~~~~~~~~~~~~~~~~~~~~~~~~~~~~~~~~~~~~~~~~~~~~~~~~~~~~~~~~~~~~~~~~~~~~~~~
20170925 17:08:03.635 - INFO - +--- START KW: Check Location [ 2 | 2 | O ]
20170925 17:08:03.637 - INFO - +---- START KW: BuiltIn.Catenate [ SEPARATOR= | Square | ${row} | ${col} ]
20170925 17:08:03.640 - INFO - ${component} = Square22
20170925 17:08:03.641 - INFO - +---- END KW: BuiltIn.Catenate (4)
20170925 17:08:03.642 - INFO - +---- START KW: SwingLibrary.Get Button Text [ ${component} ]
20170925 17:08:03.645 - DEBUG - Jemmy: Waiting for "Square22" subcomponent
20170925 17:08:03.645 - DEBUG - Jemmy: Start to wait action "Wait for "Square22" subcomponent to be displayed"
20170925 17:08:03.648 - DEBUG - Jemmy: "Wait for "Square22" subcomponent to be displayed" action has been produced in 3 milliseconds with result 
    : javax.swing.JButton[Square22,158,128,79x64,alignmentX=0.0,alignmentY=0.5,border=javax.swing.plaf.BorderUIResource$CompoundBorderUIResource@5c39726c,flags=296,maximumSize=,minimumSize=,preferredSize=java.awt.Dimension[width=64,height=64],defaultIcon=,disabledIcon=,disabledSelectedIcon=,margin=javax.swing.plaf.InsetsUIResource[top=2,left=14,bottom=2,right=14],paintBorder=true,paintFocus=true,pressedIcon=,rolloverEnabled=true,rolloverIcon=,rolloverSelectedIcon=,selectedIcon=,text=O,defaultCapable=true]
20170925 17:08:03.651 - INFO - ${text} = O
20170925 17:08:03.651 - INFO - +---- END KW: SwingLibrary.Get Button Text (9)
20170925 17:08:03.652 - INFO - +---- START KW: BuiltIn.Should Be Equal [ ${text} | ${mark} ]
20170925 17:08:03.654 - INFO - +---- END KW: BuiltIn.Should Be Equal (2)
20170925 17:08:03.655 - INFO - +--- END KW: Check Location (21)
~~~~~~~~~~~~~~~~~~~~~~~~~~~~~~~~~~~~~~~~~~~~~~~~~~~~~~~~~~~~~~~~~~~~~~~~~~~~~~
20170925 17:08:03.656 - INFO - +--- START KW: Mark Location [ 0 | 2 ]
20170925 17:08:03.658 - INFO - +---- START KW: BuiltIn.Catenate [ SEPARATOR= | Square | ${row} | ${col} ]
20170925 17:08:03.662 - INFO - ${component} = Square02
20170925 17:08:03.663 - INFO - +---- END KW: BuiltIn.Catenate (5)
20170925 17:08:03.664 - INFO - +---- START KW: SwingLibrary.Click On Component [ ${component} ]
20170925 17:08:03.666 - DEBUG - Jemmy: Waiting for "Square02" subcomponent
20170925 17:08:03.666 - DEBUG - Jemmy: Start to wait action "Wait for "Square02" subcomponent to be displayed"
20170925 17:08:03.666 - DEBUG - Jemmy: "Wait for "Square02" subcomponent to be displayed" action has been produced in 0 milliseconds with result 
    : javax.swing.JButton[Square02,158,0,79x64,alignmentX=0.0,alignmentY=0.5,border=javax.swing.plaf.BorderUIResource$CompoundBorderUIResource@5c39726c,flags=296,maximumSize=,minimumSize=,preferredSize=java.awt.Dimension[width=64,height=64],defaultIcon=,disabledIcon=,disabledSelectedIcon=,margin=javax.swing.plaf.InsetsUIResource[top=2,left=14,bottom=2,right=14],paintBorder=true,paintFocus=true,pressedIcon=,rolloverEnabled=true,rolloverIcon=,rolloverSelectedIcon=,selectedIcon=,text=-,defaultCapable=true]
20170925 17:08:03.672 - INFO - +---- END KW: SwingLibrary.Click On Component (8)
20170925 17:08:03.673 - INFO - +--- END KW: Mark Location (18)
~~~~~~~~~~~~~~~~~~~~~~~~~~~~~~~~~~~~~~~~~~~~~~~~~~~~~~~~~~~~~~~~~~~~~~~~~~~~~~
20170925 17:08:03.674 - INFO - +--- START KW: Check Location [ 0 | 2 | X ]
20170925 17:08:03.676 - INFO - +---- START KW: BuiltIn.Catenate [ SEPARATOR= | Square | ${row} | ${col} ]
20170925 17:08:03.678 - INFO - ${component} = Square02
20170925 17:08:03.679 - INFO - +---- END KW: BuiltIn.Catenate (3)
20170925 17:08:03.680 - INFO - +---- START KW: SwingLibrary.Get Button Text [ ${component} ]
20170925 17:08:03.681 - DEBUG - Jemmy: Waiting for "Square02" subcomponent
20170925 17:08:03.681 - DEBUG - Jemmy: Start to wait action "Wait for "Square02" subcomponent to be displayed"
20170925 17:08:03.683 - DEBUG - Jemmy: "Wait for "Square02" subcomponent to be displayed" action has been produced in 2 milliseconds with result 
    : javax.swing.JButton[Square02,158,0,79x64,alignmentX=0.0,alignmentY=0.5,border=javax.swing.plaf.BorderUIResource$CompoundBorderUIResource@5c39726c,flags=296,maximumSize=,minimumSize=,preferredSize=java.awt.Dimension[width=64,height=64],defaultIcon=,disabledIcon=,disabledSelectedIcon=,margin=javax.swing.plaf.InsetsUIResource[top=2,left=14,bottom=2,right=14],paintBorder=true,paintFocus=true,pressedIcon=,rolloverEnabled=true,rolloverIcon=,rolloverSelectedIcon=,selectedIcon=,text=X,defaultCapable=true]
20170925 17:08:03.685 - INFO - ${text} = X
20170925 17:08:03.686 - INFO - +---- END KW: SwingLibrary.Get Button Text (5)
20170925 17:08:03.686 - INFO - +---- START KW: BuiltIn.Should Be Equal [ ${text} | ${mark} ]
20170925 17:08:03.689 - INFO - +---- END KW: BuiltIn.Should Be Equal (2)
20170925 17:08:03.690 - INFO - +--- END KW: Check Location (15)
~~~~~~~~~~~~~~~~~~~~~~~~~~~~~~~~~~~~~~~~~~~~~~~~~~~~~~~~~~~~~~~~~~~~~~~~~~~~~~
20170925 17:08:03.690 - INFO - +--- START KW: Mark Location [ 2 | 1 ]
20170925 17:08:03.692 - INFO - +---- START KW: BuiltIn.Catenate [ SEPARATOR= | Square | ${row} | ${col} ]
20170925 17:08:03.695 - INFO - ${component} = Square21
20170925 17:08:03.695 - INFO - +---- END KW: BuiltIn.Catenate (3)
20170925 17:08:03.696 - INFO - +---- START KW: SwingLibrary.Click On Component [ ${component} ]
20170925 17:08:03.697 - DEBUG - Jemmy: Waiting for "Square21" subcomponent
20170925 17:08:03.698 - DEBUG - Jemmy: Start to wait action "Wait for "Square21" subcomponent to be displayed"
20170925 17:08:03.698 - DEBUG - Jemmy: "Wait for "Square21" subcomponent to be displayed" action has been produced in 0 milliseconds with result 
    : javax.swing.JButton[Square21,79,128,79x64,alignmentX=0.0,alignmentY=0.5,border=javax.swing.plaf.BorderUIResource$CompoundBorderUIResource@5c39726c,flags=296,maximumSize=,minimumSize=,preferredSize=java.awt.Dimension[width=64,height=64],defaultIcon=,disabledIcon=,disabledSelectedIcon=,margin=javax.swing.plaf.InsetsUIResource[top=2,left=14,bottom=2,right=14],paintBorder=true,paintFocus=true,pressedIcon=,rolloverEnabled=true,rolloverIcon=,rolloverSelectedIcon=,selectedIcon=,text=-,defaultCapable=true]
20170925 17:08:03.707 - INFO - +---- END KW: SwingLibrary.Click On Component (10)
20170925 17:08:03.708 - INFO - +--- END KW: Mark Location (17)
~~~~~~~~~~~~~~~~~~~~~~~~~~~~~~~~~~~~~~~~~~~~~~~~~~~~~~~~~~~~~~~~~~~~~~~~~~~~~~
20170925 17:08:03.709 - INFO - +--- START KW: Check Location [ 2 | 1 | O ]
20170925 17:08:03.710 - INFO - +---- START KW: BuiltIn.Catenate [ SEPARATOR= | Square | ${row} | ${col} ]
20170925 17:08:03.713 - INFO - ${component} = Square21
20170925 17:08:03.714 - INFO - +---- END KW: BuiltIn.Catenate (4)
20170925 17:08:03.715 - INFO - +---- START KW: SwingLibrary.Get Button Text [ ${component} ]
20170925 17:08:03.717 - DEBUG - Jemmy: Waiting for "Square21" subcomponent
20170925 17:08:03.718 - DEBUG - Jemmy: Start to wait action "Wait for "Square21" subcomponent to be displayed"
20170925 17:08:03.720 - DEBUG - Jemmy: "Wait for "Square21" subcomponent to be displayed" action has been produced in 2 milliseconds with result 
    : javax.swing.JButton[Square21,79,128,79x64,disabled,alignmentX=0.0,alignmentY=0.5,border=javax.swing.plaf.BorderUIResource$CompoundBorderUIResource@5c39726c,flags=296,maximumSize=,minimumSize=,preferredSize=java.awt.Dimension[width=64,height=64],defaultIcon=,disabledIcon=,disabledSelectedIcon=,margin=javax.swing.plaf.InsetsUIResource[top=2,left=14,bottom=2,right=14],paintBorder=true,paintFocus=true,pressedIcon=,rolloverEnabled=true,rolloverIcon=,rolloverSelectedIcon=,selectedIcon=,text=O,defaultCapable=true]
20170925 17:08:03.722 - INFO - ${text} = O
20170925 17:08:03.722 - INFO - +---- END KW: SwingLibrary.Get Button Text (7)
20170925 17:08:03.723 - INFO - +---- START KW: BuiltIn.Should Be Equal [ ${text} | ${mark} ]
20170925 17:08:03.727 - INFO - +---- END KW: BuiltIn.Should Be Equal (3)
20170925 17:08:03.728 - INFO - +--- END KW: Check Location (20)
~~~~~~~~~~~~~~~~~~~~~~~~~~~~~~~~~~~~~~~~~~~~~~~~~~~~~~~~~~~~~~~~~~~~~~~~~~~~~~
20170925 17:08:03.729 - INFO - +--- START KW: Winner Should Be [ O ]
20170925 17:08:03.730 - INFO - +---- START KW: SwingLibrary.Get Label Content [ ResultLabel ]
20170925 17:08:03.731 - DEBUG - Jemmy: Waiting for "ResultLabel" subcomponent
20170925 17:08:03.731 - DEBUG - Jemmy: Start to wait action "Wait for "ResultLabel" subcomponent to be displayed"
20170925 17:08:03.732 - DEBUG - Jemmy: "Wait for "ResultLabel" subcomponent to be displayed" action has been produced in 1 milliseconds with result 
    : javax.swing.JLabel[ResultLabel,117,192,9x16,alignmentX=0.0,alignmentY=0.0,border=,flags=8388608,maximumSize=,minimumSize=,preferredSize=,defaultIcon=,disabledIcon=,horizontalAlignment=LEADING,horizontalTextPosition=TRAILING,iconTextGap=4,labelFor=,text=O,verticalAlignment=CENTER,verticalTextPosition=CENTER]
20170925 17:08:03.735 - INFO - ${text} = O
20170925 17:08:03.736 - INFO - +---- END KW: SwingLibrary.Get Label Content (5)
20170925 17:08:03.736 - INFO - +---- START KW: BuiltIn.Should Be Equal [ ${text} | ${winner} ]
20170925 17:08:03.740 - INFO - +---- END KW: BuiltIn.Should Be Equal (3)
20170925 17:08:03.741 - INFO - +---- START KW: SwingLibrary.Close Window [ Tic-Tac-Toe ]
20170925 17:08:03.762 - DEBUG - Jemmy: Start to wait frame "Frame with name or title 'Tic-Tac-Toe'" opened
20170925 17:08:03.762 - DEBUG - Jemmy: Frame "Frame with name or title 'Tic-Tac-Toe'" has been opened in 0 milliseconds
    javax.swing.JFrame[frame1,0,0,255x255,invalid,layout=java.awt.BorderLayout,title=Tic-Tac-Toe,resizable,normal,defaultCloseOperation=EXIT_ON_CLOSE,rootPane=javax.swing.JRootPane[,9,38,237x208,layout=javax.swing.JRootPane$RootLayout,alignmentX=0.0,alignmentY=0.0,border=,flags=16777673,maximumSize=,minimumSize=,preferredSize=],rootPaneCheckingEnabled=true]
20170925 17:08:03.941 - INFO - +---- END KW: SwingLibrary.Close Window (197)
20170925 17:08:03.945 - INFO - +--- END KW: Winner Should Be (215)
------------------------------------------------------------------------------
20170925 17:08:03.952 - INFO - +-- END TEST: Win Horizontally as O (526)
------------------------------------------------------------------------------
20170925 17:08:03.955 - INFO - +-- START TEST: Force a Tie [ ]
------------------------------------------------------------------------------
20170925 17:08:03.961 - INFO - +--- START KW: Start New Game [ ]
20170925 17:08:03.964 - INFO - +---- START KW: SwingLibrary.Start Application [ edu.jsu.mcis.TicTacToe ]
20170925 17:08:03.992 - INFO - +---- END KW: SwingLibrary.Start Application (27)
20170925 17:08:03.992 - INFO - +---- START KW: SwingLibrary.Select Window [ Tic-Tac-Toe ]
20170925 17:08:03.994 - DEBUG - Jemmy: Start to wait frame "Frame with name or title 'Tic-Tac-Toe'" opened
20170925 17:08:03.995 - DEBUG - Jemmy: Frame "Frame with name or title 'Tic-Tac-Toe'" has been opened in 0 milliseconds
    javax.swing.JFrame[frame2,0,0,255x255,layout=java.awt.BorderLayout,title=Tic-Tac-Toe,resizable,normal,defaultCloseOperation=EXIT_ON_CLOSE,rootPane=javax.swing.JRootPane[,9,38,237x208,layout=javax.swing.JRootPane$RootLayout,alignmentX=0.0,alignmentY=0.0,border=,flags=16777673,maximumSize=,minimumSize=,preferredSize=],rootPaneCheckingEnabled=true]
20170925 17:08:03.998 - INFO - +---- END KW: SwingLibrary.Select Window (6)
20170925 17:08:04.000 - INFO - +--- END KW: Start New Game (38)
~~~~~~~~~~~~~~~~~~~~~~~~~~~~~~~~~~~~~~~~~~~~~~~~~~~~~~~~~~~~~~~~~~~~~~~~~~~~~~
20170925 17:08:04.000 - INFO - +--- START KW: Mark Location [ 1 | 1 ]
20170925 17:08:04.002 - INFO - +---- START KW: BuiltIn.Catenate [ SEPARATOR= | Square | ${row} | ${col} ]
20170925 17:08:04.003 - INFO - ${component} = Square11
20170925 17:08:04.004 - INFO - +---- END KW: BuiltIn.Catenate (3)
20170925 17:08:04.004 - INFO - +---- START KW: SwingLibrary.Click On Component [ ${component} ]
20170925 17:08:04.005 - DEBUG - Jemmy: Waiting for "Square11" subcomponent
20170925 17:08:04.005 - DEBUG - Jemmy: Start to wait action "Wait for "Square11" subcomponent to be displayed"
20170925 17:08:04.006 - DEBUG - Jemmy: "Wait for "Square11" subcomponent to be displayed" action has been produced in 1 milliseconds with result 
    : javax.swing.JButton[Square11,79,64,79x64,alignmentX=0.0,alignmentY=0.5,border=javax.swing.plaf.BorderUIResource$CompoundBorderUIResource@5c39726c,flags=296,maximumSize=,minimumSize=,preferredSize=java.awt.Dimension[width=64,height=64],defaultIcon=,disabledIcon=,disabledSelectedIcon=,margin=javax.swing.plaf.InsetsUIResource[top=2,left=14,bottom=2,right=14],paintBorder=true,paintFocus=true,pressedIcon=,rolloverEnabled=true,rolloverIcon=,rolloverSelectedIcon=,selectedIcon=,text=-,defaultCapable=true]
20170925 17:08:04.012 - INFO - +---- END KW: SwingLibrary.Click On Component (7)
20170925 17:08:04.013 - INFO - +--- END KW: Mark Location (13)
~~~~~~~~~~~~~~~~~~~~~~~~~~~~~~~~~~~~~~~~~~~~~~~~~~~~~~~~~~~~~~~~~~~~~~~~~~~~~~
20170925 17:08:04.015 - INFO - +--- START KW: Check Location [ 1 | 1 | X ]
20170925 17:08:04.017 - INFO - +---- START KW: BuiltIn.Catenate [ SEPARATOR= | Square | ${row} | ${col} ]
20170925 17:08:04.020 - INFO - ${component} = Square11
20170925 17:08:04.020 - INFO - +---- END KW: BuiltIn.Catenate (3)
20170925 17:08:04.021 - INFO - +---- START KW: SwingLibrary.Get Button Text [ ${component} ]
20170925 17:08:04.023 - DEBUG - Jemmy: Waiting for "Square11" subcomponent
20170925 17:08:04.023 - DEBUG - Jemmy: Start to wait action "Wait for "Square11" subcomponent to be displayed"
20170925 17:08:04.024 - DEBUG - Jemmy: "Wait for "Square11" subcomponent to be displayed" action has been produced in 1 milliseconds with result 
    : javax.swing.JButton[Square11,79,64,79x64,alignmentX=0.0,alignmentY=0.5,border=javax.swing.plaf.BorderUIResource$CompoundBorderUIResource@5c39726c,flags=296,maximumSize=,minimumSize=,preferredSize=java.awt.Dimension[width=64,height=64],defaultIcon=,disabledIcon=,disabledSelectedIcon=,margin=javax.swing.plaf.InsetsUIResource[top=2,left=14,bottom=2,right=14],paintBorder=true,paintFocus=true,pressedIcon=,rolloverEnabled=true,rolloverIcon=,rolloverSelectedIcon=,selectedIcon=,text=X,defaultCapable=true]
20170925 17:08:04.027 - INFO - ${text} = X
20170925 17:08:04.028 - INFO - +---- END KW: SwingLibrary.Get Button Text (7)
20170925 17:08:04.029 - INFO - +---- START KW: BuiltIn.Should Be Equal [ ${text} | ${mark} ]
20170925 17:08:04.035 - INFO - +---- END KW: BuiltIn.Should Be Equal (6)
20170925 17:08:04.036 - INFO - +--- END KW: Check Location (22)
~~~~~~~~~~~~~~~~~~~~~~~~~~~~~~~~~~~~~~~~~~~~~~~~~~~~~~~~~~~~~~~~~~~~~~~~~~~~~~
20170925 17:08:04.037 - INFO - +--- START KW: Mark Location [ 0 | 0 ]
20170925 17:08:04.040 - INFO - +---- START KW: BuiltIn.Catenate [ SEPARATOR= | Square | ${row} | ${col} ]
20170925 17:08:04.043 - INFO - ${component} = Square00
20170925 17:08:04.044 - INFO - +---- END KW: BuiltIn.Catenate (4)
20170925 17:08:04.045 - INFO - +---- START KW: SwingLibrary.Click On Component [ ${component} ]
20170925 17:08:04.047 - DEBUG - Jemmy: Waiting for "Square00" subcomponent
20170925 17:08:04.047 - DEBUG - Jemmy: Start to wait action "Wait for "Square00" subcomponent to be displayed"
20170925 17:08:04.049 - DEBUG - Jemmy: "Wait for "Square00" subcomponent to be displayed" action has been produced in 1 milliseconds with result 
    : javax.swing.JButton[Square00,0,0,79x64,alignmentX=0.0,alignmentY=0.5,border=javax.swing.plaf.BorderUIResource$CompoundBorderUIResource@5c39726c,flags=296,maximumSize=,minimumSize=,preferredSize=java.awt.Dimension[width=64,height=64],defaultIcon=,disabledIcon=,disabledSelectedIcon=,margin=javax.swing.plaf.InsetsUIResource[top=2,left=14,bottom=2,right=14],paintBorder=true,paintFocus=true,pressedIcon=,rolloverEnabled=true,rolloverIcon=,rolloverSelectedIcon=,selectedIcon=,text=-,defaultCapable=true]
20170925 17:08:04.054 - INFO - +---- END KW: SwingLibrary.Click On Component (9)
20170925 17:08:04.056 - INFO - +--- END KW: Mark Location (18)
~~~~~~~~~~~~~~~~~~~~~~~~~~~~~~~~~~~~~~~~~~~~~~~~~~~~~~~~~~~~~~~~~~~~~~~~~~~~~~
20170925 17:08:04.057 - INFO - +--- START KW: Check Location [ 0 | 0 | O ]
20170925 17:08:04.059 - INFO - +---- START KW: BuiltIn.Catenate [ SEPARATOR= | Square | ${row} | ${col} ]
20170925 17:08:04.062 - INFO - ${component} = Square00
20170925 17:08:04.062 - INFO - +---- END KW: BuiltIn.Catenate (3)
20170925 17:08:04.063 - INFO - +---- START KW: SwingLibrary.Get Button Text [ ${component} ]
20170925 17:08:04.064 - DEBUG - Jemmy: Waiting for "Square00" subcomponent
20170925 17:08:04.064 - DEBUG - Jemmy: Start to wait action "Wait for "Square00" subcomponent to be displayed"
20170925 17:08:04.065 - DEBUG - Jemmy: "Wait for "Square00" subcomponent to be displayed" action has been produced in 1 milliseconds with result 
    : javax.swing.JButton[Square00,0,0,79x64,alignmentX=0.0,alignmentY=0.5,border=javax.swing.plaf.BorderUIResource$CompoundBorderUIResource@5c39726c,flags=296,maximumSize=,minimumSize=,preferredSize=java.awt.Dimension[width=64,height=64],defaultIcon=,disabledIcon=,disabledSelectedIcon=,margin=javax.swing.plaf.InsetsUIResource[top=2,left=14,bottom=2,right=14],paintBorder=true,paintFocus=true,pressedIcon=,rolloverEnabled=true,rolloverIcon=,rolloverSelectedIcon=,selectedIcon=,text=O,defaultCapable=true]
20170925 17:08:04.067 - INFO - ${text} = O
20170925 17:08:04.068 - INFO - +---- END KW: SwingLibrary.Get Button Text (4)
20170925 17:08:04.068 - INFO - +---- START KW: BuiltIn.Should Be Equal [ ${text} | ${mark} ]
20170925 17:08:04.070 - INFO - +---- END KW: BuiltIn.Should Be Equal (2)
20170925 17:08:04.071 - INFO - +--- END KW: Check Location (14)
~~~~~~~~~~~~~~~~~~~~~~~~~~~~~~~~~~~~~~~~~~~~~~~~~~~~~~~~~~~~~~~~~~~~~~~~~~~~~~
20170925 17:08:04.071 - INFO - +--- START KW: Mark Location [ 2 | 0 ]
20170925 17:08:04.074 - INFO - +---- START KW: BuiltIn.Catenate [ SEPARATOR= | Square | ${row} | ${col} ]
20170925 17:08:04.076 - INFO - ${component} = Square20
20170925 17:08:04.077 - INFO - +---- END KW: BuiltIn.Catenate (3)
20170925 17:08:04.077 - INFO - +---- START KW: SwingLibrary.Click On Component [ ${component} ]
20170925 17:08:04.078 - DEBUG - Jemmy: Waiting for "Square20" subcomponent
20170925 17:08:04.078 - DEBUG - Jemmy: Start to wait action "Wait for "Square20" subcomponent to be displayed"
20170925 17:08:04.079 - DEBUG - Jemmy: "Wait for "Square20" subcomponent to be displayed" action has been produced in 1 milliseconds with result 
    : javax.swing.JButton[Square20,0,128,79x64,alignmentX=0.0,alignmentY=0.5,border=javax.swing.plaf.BorderUIResource$CompoundBorderUIResource@5c39726c,flags=296,maximumSize=,minimumSize=,preferredSize=java.awt.Dimension[width=64,height=64],defaultIcon=,disabledIcon=,disabledSelectedIcon=,margin=javax.swing.plaf.InsetsUIResource[top=2,left=14,bottom=2,right=14],paintBorder=true,paintFocus=true,pressedIcon=,rolloverEnabled=true,rolloverIcon=,rolloverSelectedIcon=,selectedIcon=,text=-,defaultCapable=true]
20170925 17:08:04.085 - INFO - +---- END KW: SwingLibrary.Click On Component (7)
20170925 17:08:04.086 - INFO - +--- END KW: Mark Location (14)
~~~~~~~~~~~~~~~~~~~~~~~~~~~~~~~~~~~~~~~~~~~~~~~~~~~~~~~~~~~~~~~~~~~~~~~~~~~~~~
20170925 17:08:04.086 - INFO - +--- START KW: Check Location [ 2 | 0 | X ]
20170925 17:08:04.088 - INFO - +---- START KW: BuiltIn.Catenate [ SEPARATOR= | Square | ${row} | ${col} ]
20170925 17:08:04.090 - INFO - ${component} = Square20
20170925 17:08:04.091 - INFO - +---- END KW: BuiltIn.Catenate (3)
20170925 17:08:04.092 - INFO - +---- START KW: SwingLibrary.Get Button Text [ ${component} ]
20170925 17:08:04.093 - DEBUG - Jemmy: Waiting for "Square20" subcomponent
20170925 17:08:04.094 - DEBUG - Jemmy: Start to wait action "Wait for "Square20" subcomponent to be displayed"
20170925 17:08:04.095 - DEBUG - Jemmy: "Wait for "Square20" subcomponent to be displayed" action has been produced in 1 milliseconds with result 
    : javax.swing.JButton[Square20,0,128,79x64,alignmentX=0.0,alignmentY=0.5,border=javax.swing.plaf.BorderUIResource$CompoundBorderUIResource@5c39726c,flags=296,maximumSize=,minimumSize=,preferredSize=java.awt.Dimension[width=64,height=64],defaultIcon=,disabledIcon=,disabledSelectedIcon=,margin=javax.swing.plaf.InsetsUIResource[top=2,left=14,bottom=2,right=14],paintBorder=true,paintFocus=true,pressedIcon=,rolloverEnabled=true,rolloverIcon=,rolloverSelectedIcon=,selectedIcon=,text=X,defaultCapable=true]
20170925 17:08:04.098 - INFO - ${text} = X
20170925 17:08:04.099 - INFO - +---- END KW: SwingLibrary.Get Button Text (6)
20170925 17:08:04.100 - INFO - +---- START KW: BuiltIn.Should Be Equal [ ${text} | ${mark} ]
20170925 17:08:04.102 - INFO - +---- END KW: BuiltIn.Should Be Equal (2)
20170925 17:08:04.103 - INFO - +--- END KW: Check Location (17)
~~~~~~~~~~~~~~~~~~~~~~~~~~~~~~~~~~~~~~~~~~~~~~~~~~~~~~~~~~~~~~~~~~~~~~~~~~~~~~
20170925 17:08:04.103 - INFO - +--- START KW: Mark Location [ 0 | 2 ]
20170925 17:08:04.105 - INFO - +---- START KW: BuiltIn.Catenate [ SEPARATOR= | Square | ${row} | ${col} ]
20170925 17:08:04.107 - INFO - ${component} = Square02
20170925 17:08:04.107 - INFO - +---- END KW: BuiltIn.Catenate (2)
20170925 17:08:04.108 - INFO - +---- START KW: SwingLibrary.Click On Component [ ${component} ]
20170925 17:08:04.109 - DEBUG - Jemmy: Waiting for "Square02" subcomponent
20170925 17:08:04.109 - DEBUG - Jemmy: Start to wait action "Wait for "Square02" subcomponent to be displayed"
20170925 17:08:04.110 - DEBUG - Jemmy: "Wait for "Square02" subcomponent to be displayed" action has been produced in 1 milliseconds with result 
    : javax.swing.JButton[Square02,158,0,79x64,alignmentX=0.0,alignmentY=0.5,border=javax.swing.plaf.BorderUIResource$CompoundBorderUIResource@5c39726c,flags=296,maximumSize=,minimumSize=,preferredSize=java.awt.Dimension[width=64,height=64],defaultIcon=,disabledIcon=,disabledSelectedIcon=,margin=javax.swing.plaf.InsetsUIResource[top=2,left=14,bottom=2,right=14],paintBorder=true,paintFocus=true,pressedIcon=,rolloverEnabled=true,rolloverIcon=,rolloverSelectedIcon=,selectedIcon=,text=-,defaultCapable=true]
20170925 17:08:04.117 - INFO - +---- END KW: SwingLibrary.Click On Component (8)
20170925 17:08:04.118 - INFO - +--- END KW: Mark Location (15)
~~~~~~~~~~~~~~~~~~~~~~~~~~~~~~~~~~~~~~~~~~~~~~~~~~~~~~~~~~~~~~~~~~~~~~~~~~~~~~
20170925 17:08:04.119 - INFO - +--- START KW: Check Location [ 0 | 2 | O ]
20170925 17:08:04.121 - INFO - +---- START KW: BuiltIn.Catenate [ SEPARATOR= | Square | ${row} | ${col} ]
20170925 17:08:04.123 - INFO - ${component} = Square02
20170925 17:08:04.125 - INFO - +---- END KW: BuiltIn.Catenate (3)
20170925 17:08:04.126 - INFO - +---- START KW: SwingLibrary.Get Button Text [ ${component} ]
20170925 17:08:04.127 - DEBUG - Jemmy: Waiting for "Square02" subcomponent
20170925 17:08:04.127 - DEBUG - Jemmy: Start to wait action "Wait for "Square02" subcomponent to be displayed"
20170925 17:08:04.129 - DEBUG - Jemmy: "Wait for "Square02" subcomponent to be displayed" action has been produced in 1 milliseconds with result 
    : javax.swing.JButton[Square02,158,0,79x64,alignmentX=0.0,alignmentY=0.5,border=javax.swing.plaf.BorderUIResource$CompoundBorderUIResource@5c39726c,flags=296,maximumSize=,minimumSize=,preferredSize=java.awt.Dimension[width=64,height=64],defaultIcon=,disabledIcon=,disabledSelectedIcon=,margin=javax.swing.plaf.InsetsUIResource[top=2,left=14,bottom=2,right=14],paintBorder=true,paintFocus=true,pressedIcon=,rolloverEnabled=true,rolloverIcon=,rolloverSelectedIcon=,selectedIcon=,text=O,defaultCapable=true]
20170925 17:08:04.131 - INFO - ${text} = O
20170925 17:08:04.131 - INFO - +---- END KW: SwingLibrary.Get Button Text (6)
20170925 17:08:04.132 - INFO - +---- START KW: BuiltIn.Should Be Equal [ ${text} | ${mark} ]
20170925 17:08:04.134 - INFO - +---- END KW: BuiltIn.Should Be Equal (2)
20170925 17:08:04.135 - INFO - +--- END KW: Check Location (16)
~~~~~~~~~~~~~~~~~~~~~~~~~~~~~~~~~~~~~~~~~~~~~~~~~~~~~~~~~~~~~~~~~~~~~~~~~~~~~~
20170925 17:08:04.136 - INFO - +--- START KW: Mark Location [ 0 | 1 ]
20170925 17:08:04.137 - INFO - +---- START KW: BuiltIn.Catenate [ SEPARATOR= | Square | ${row} | ${col} ]
20170925 17:08:04.139 - INFO - ${component} = Square01
20170925 17:08:04.140 - INFO - +---- END KW: BuiltIn.Catenate (3)
20170925 17:08:04.141 - INFO - +---- START KW: SwingLibrary.Click On Component [ ${component} ]
20170925 17:08:04.142 - DEBUG - Jemmy: Waiting for "Square01" subcomponent
20170925 17:08:04.142 - DEBUG - Jemmy: Start to wait action "Wait for "Square01" subcomponent to be displayed"
20170925 17:08:04.142 - DEBUG - Jemmy: "Wait for "Square01" subcomponent to be displayed" action has been produced in 0 milliseconds with result 
    : javax.swing.JButton[Square01,79,0,79x64,alignmentX=0.0,alignmentY=0.5,border=javax.swing.plaf.BorderUIResource$CompoundBorderUIResource@5c39726c,flags=296,maximumSize=,minimumSize=,preferredSize=java.awt.Dimension[width=64,height=64],defaultIcon=,disabledIcon=,disabledSelectedIcon=,margin=javax.swing.plaf.InsetsUIResource[top=2,left=14,bottom=2,right=14],paintBorder=true,paintFocus=true,pressedIcon=,rolloverEnabled=true,rolloverIcon=,rolloverSelectedIcon=,selectedIcon=,text=-,defaultCapable=true]
20170925 17:08:04.147 - INFO - +---- END KW: SwingLibrary.Click On Component (6)
20170925 17:08:04.149 - INFO - +--- END KW: Mark Location (12)
~~~~~~~~~~~~~~~~~~~~~~~~~~~~~~~~~~~~~~~~~~~~~~~~~~~~~~~~~~~~~~~~~~~~~~~~~~~~~~
20170925 17:08:04.150 - INFO - +--- START KW: Check Location [ 0 | 1 | X ]
20170925 17:08:04.152 - INFO - +---- START KW: BuiltIn.Catenate [ SEPARATOR= | Square | ${row} | ${col} ]
20170925 17:08:04.154 - INFO - ${component} = Square01
20170925 17:08:04.154 - INFO - +---- END KW: BuiltIn.Catenate (3)
20170925 17:08:04.155 - INFO - +---- START KW: SwingLibrary.Get Button Text [ ${component} ]
20170925 17:08:04.157 - DEBUG - Jemmy: Waiting for "Square01" subcomponent
20170925 17:08:04.157 - DEBUG - Jemmy: Start to wait action "Wait for "Square01" subcomponent to be displayed"
20170925 17:08:04.158 - DEBUG - Jemmy: "Wait for "Square01" subcomponent to be displayed" action has been produced in 1 milliseconds with result 
    : javax.swing.JButton[Square01,79,0,79x64,alignmentX=0.0,alignmentY=0.5,border=javax.swing.plaf.BorderUIResource$CompoundBorderUIResource@5c39726c,flags=296,maximumSize=,minimumSize=,preferredSize=java.awt.Dimension[width=64,height=64],defaultIcon=,disabledIcon=,disabledSelectedIcon=,margin=javax.swing.plaf.InsetsUIResource[top=2,left=14,bottom=2,right=14],paintBorder=true,paintFocus=true,pressedIcon=,rolloverEnabled=true,rolloverIcon=,rolloverSelectedIcon=,selectedIcon=,text=X,defaultCapable=true]
20170925 17:08:04.160 - INFO - ${text} = X
20170925 17:08:04.161 - INFO - +---- END KW: SwingLibrary.Get Button Text (6)
20170925 17:08:04.161 - INFO - +---- START KW: BuiltIn.Should Be Equal [ ${text} | ${mark} ]
20170925 17:08:04.163 - INFO - +---- END KW: BuiltIn.Should Be Equal (2)
20170925 17:08:04.164 - INFO - +--- END KW: Check Location (15)
~~~~~~~~~~~~~~~~~~~~~~~~~~~~~~~~~~~~~~~~~~~~~~~~~~~~~~~~~~~~~~~~~~~~~~~~~~~~~~
20170925 17:08:04.165 - INFO - +--- START KW: Mark Location [ 2 | 1 ]
20170925 17:08:04.167 - INFO - +---- START KW: BuiltIn.Catenate [ SEPARATOR= | Square | ${row} | ${col} ]
20170925 17:08:04.169 - INFO - ${component} = Square21
20170925 17:08:04.169 - INFO - +---- END KW: BuiltIn.Catenate (2)
20170925 17:08:04.170 - INFO - +---- START KW: SwingLibrary.Click On Component [ ${component} ]
20170925 17:08:04.171 - DEBUG - Jemmy: Waiting for "Square21" subcomponent
20170925 17:08:04.171 - DEBUG - Jemmy: Start to wait action "Wait for "Square21" subcomponent to be displayed"
20170925 17:08:04.172 - DEBUG - Jemmy: "Wait for "Square21" subcomponent to be displayed" action has been produced in 1 milliseconds with result 
    : javax.swing.JButton[Square21,79,128,79x64,alignmentX=0.0,alignmentY=0.5,border=javax.swing.plaf.BorderUIResource$CompoundBorderUIResource@5c39726c,flags=296,maximumSize=,minimumSize=,preferredSize=java.awt.Dimension[width=64,height=64],defaultIcon=,disabledIcon=,disabledSelectedIcon=,margin=javax.swing.plaf.InsetsUIResource[top=2,left=14,bottom=2,right=14],paintBorder=true,paintFocus=true,pressedIcon=,rolloverEnabled=true,rolloverIcon=,rolloverSelectedIcon=,selectedIcon=,text=-,defaultCapable=true]
20170925 17:08:04.176 - INFO - +---- END KW: SwingLibrary.Click On Component (5)
20170925 17:08:04.177 - INFO - +--- END KW: Mark Location (11)
~~~~~~~~~~~~~~~~~~~~~~~~~~~~~~~~~~~~~~~~~~~~~~~~~~~~~~~~~~~~~~~~~~~~~~~~~~~~~~
20170925 17:08:04.177 - INFO - +--- START KW: Check Location [ 2 | 1 | O ]
20170925 17:08:04.179 - INFO - +---- START KW: BuiltIn.Catenate [ SEPARATOR= | Square | ${row} | ${col} ]
20170925 17:08:04.181 - INFO - ${component} = Square21
20170925 17:08:04.182 - INFO - +---- END KW: BuiltIn.Catenate (2)
20170925 17:08:04.182 - INFO - +---- START KW: SwingLibrary.Get Button Text [ ${component} ]
20170925 17:08:04.183 - DEBUG - Jemmy: Waiting for "Square21" subcomponent
20170925 17:08:04.184 - DEBUG - Jemmy: Start to wait action "Wait for "Square21" subcomponent to be displayed"
20170925 17:08:04.186 - DEBUG - Jemmy: "Wait for "Square21" subcomponent to be displayed" action has been produced in 3 milliseconds with result 
    : javax.swing.JButton[Square21,79,128,79x64,alignmentX=0.0,alignmentY=0.5,border=javax.swing.plaf.BorderUIResource$CompoundBorderUIResource@5c39726c,flags=296,maximumSize=,minimumSize=,preferredSize=java.awt.Dimension[width=64,height=64],defaultIcon=,disabledIcon=,disabledSelectedIcon=,margin=javax.swing.plaf.InsetsUIResource[top=2,left=14,bottom=2,right=14],paintBorder=true,paintFocus=true,pressedIcon=,rolloverEnabled=true,rolloverIcon=,rolloverSelectedIcon=,selectedIcon=,text=O,defaultCapable=true]
20170925 17:08:04.187 - INFO - ${text} = O
20170925 17:08:04.188 - INFO - +---- END KW: SwingLibrary.Get Button Text (6)
20170925 17:08:04.189 - INFO - +---- START KW: BuiltIn.Should Be Equal [ ${text} | ${mark} ]
20170925 17:08:04.191 - INFO - +---- END KW: BuiltIn.Should Be Equal (1)
20170925 17:08:04.191 - INFO - +--- END KW: Check Location (14)
~~~~~~~~~~~~~~~~~~~~~~~~~~~~~~~~~~~~~~~~~~~~~~~~~~~~~~~~~~~~~~~~~~~~~~~~~~~~~~
20170925 17:08:04.192 - INFO - +--- START KW: Mark Location [ 1 | 2 ]
20170925 17:08:04.193 - INFO - +---- START KW: BuiltIn.Catenate [ SEPARATOR= | Square | ${row} | ${col} ]
20170925 17:08:04.196 - INFO - ${component} = Square12
20170925 17:08:04.196 - INFO - +---- END KW: BuiltIn.Catenate (3)
20170925 17:08:04.197 - INFO - +---- START KW: SwingLibrary.Click On Component [ ${component} ]
20170925 17:08:04.198 - DEBUG - Jemmy: Waiting for "Square12" subcomponent
20170925 17:08:04.198 - DEBUG - Jemmy: Start to wait action "Wait for "Square12" subcomponent to be displayed"
20170925 17:08:04.198 - DEBUG - Jemmy: "Wait for "Square12" subcomponent to be displayed" action has been produced in 0 milliseconds with result 
    : javax.swing.JButton[Square12,158,64,79x64,alignmentX=0.0,alignmentY=0.5,border=javax.swing.plaf.BorderUIResource$CompoundBorderUIResource@5c39726c,flags=296,maximumSize=,minimumSize=,preferredSize=java.awt.Dimension[width=64,height=64],defaultIcon=,disabledIcon=,disabledSelectedIcon=,margin=javax.swing.plaf.InsetsUIResource[top=2,left=14,bottom=2,right=14],paintBorder=true,paintFocus=true,pressedIcon=,rolloverEnabled=true,rolloverIcon=,rolloverSelectedIcon=,selectedIcon=,text=-,defaultCapable=true]
20170925 17:08:04.202 - INFO - +---- END KW: SwingLibrary.Click On Component (6)
20170925 17:08:04.203 - INFO - +--- END KW: Mark Location (11)
~~~~~~~~~~~~~~~~~~~~~~~~~~~~~~~~~~~~~~~~~~~~~~~~~~~~~~~~~~~~~~~~~~~~~~~~~~~~~~
20170925 17:08:04.204 - INFO - +--- START KW: Check Location [ 1 | 2 | X ]
20170925 17:08:04.205 - INFO - +---- START KW: BuiltIn.Catenate [ SEPARATOR= | Square | ${row} | ${col} ]
20170925 17:08:04.208 - INFO - ${component} = Square12
20170925 17:08:04.209 - INFO - +---- END KW: BuiltIn.Catenate (4)
20170925 17:08:04.210 - INFO - +---- START KW: SwingLibrary.Get Button Text [ ${component} ]
20170925 17:08:04.211 - DEBUG - Jemmy: Waiting for "Square12" subcomponent
20170925 17:08:04.211 - DEBUG - Jemmy: Start to wait action "Wait for "Square12" subcomponent to be displayed"
20170925 17:08:04.214 - DEBUG - Jemmy: "Wait for "Square12" subcomponent to be displayed" action has been produced in 3 milliseconds with result 
    : javax.swing.JButton[Square12,158,64,79x64,alignmentX=0.0,alignmentY=0.5,border=javax.swing.plaf.BorderUIResource$CompoundBorderUIResource@5c39726c,flags=296,maximumSize=,minimumSize=,preferredSize=java.awt.Dimension[width=64,height=64],defaultIcon=,disabledIcon=,disabledSelectedIcon=,margin=javax.swing.plaf.InsetsUIResource[top=2,left=14,bottom=2,right=14],paintBorder=true,paintFocus=true,pressedIcon=,rolloverEnabled=true,rolloverIcon=,rolloverSelectedIcon=,selectedIcon=,text=X,defaultCapable=true]
20170925 17:08:04.216 - INFO - ${text} = X
20170925 17:08:04.217 - INFO - +---- END KW: SwingLibrary.Get Button Text (7)
20170925 17:08:04.218 - INFO - +---- START KW: BuiltIn.Should Be Equal [ ${text} | ${mark} ]
20170925 17:08:04.221 - INFO - +---- END KW: BuiltIn.Should Be Equal (2)
20170925 17:08:04.222 - INFO - +--- END KW: Check Location (17)
~~~~~~~~~~~~~~~~~~~~~~~~~~~~~~~~~~~~~~~~~~~~~~~~~~~~~~~~~~~~~~~~~~~~~~~~~~~~~~
20170925 17:08:04.223 - INFO - +--- START KW: Mark Location [ 1 | 0 ]
20170925 17:08:04.224 - INFO - +---- START KW: BuiltIn.Catenate [ SEPARATOR= | Square | ${row} | ${col} ]
20170925 17:08:04.228 - INFO - ${component} = Square10
20170925 17:08:04.228 - INFO - +---- END KW: BuiltIn.Catenate (4)
20170925 17:08:04.229 - INFO - +---- START KW: SwingLibrary.Click On Component [ ${component} ]
20170925 17:08:04.231 - DEBUG - Jemmy: Waiting for "Square10" subcomponent
20170925 17:08:04.231 - DEBUG - Jemmy: Start to wait action "Wait for "Square10" subcomponent to be displayed"
20170925 17:08:04.232 - DEBUG - Jemmy: "Wait for "Square10" subcomponent to be displayed" action has been produced in 1 milliseconds with result 
    : javax.swing.JButton[Square10,0,64,79x64,alignmentX=0.0,alignmentY=0.5,border=javax.swing.plaf.BorderUIResource$CompoundBorderUIResource@5c39726c,flags=296,maximumSize=,minimumSize=,preferredSize=java.awt.Dimension[width=64,height=64],defaultIcon=,disabledIcon=,disabledSelectedIcon=,margin=javax.swing.plaf.InsetsUIResource[top=2,left=14,bottom=2,right=14],paintBorder=true,paintFocus=true,pressedIcon=,rolloverEnabled=true,rolloverIcon=,rolloverSelectedIcon=,selectedIcon=,text=-,defaultCapable=true]
20170925 17:08:04.237 - INFO - +---- END KW: SwingLibrary.Click On Component (7)
20170925 17:08:04.238 - INFO - +--- END KW: Mark Location (15)
~~~~~~~~~~~~~~~~~~~~~~~~~~~~~~~~~~~~~~~~~~~~~~~~~~~~~~~~~~~~~~~~~~~~~~~~~~~~~~
20170925 17:08:04.238 - INFO - +--- START KW: Check Location [ 1 | 0 | O ]
20170925 17:08:04.240 - INFO - +---- START KW: BuiltIn.Catenate [ SEPARATOR= | Square | ${row} | ${col} ]
20170925 17:08:04.243 - INFO - ${component} = Square10
20170925 17:08:04.244 - INFO - +---- END KW: BuiltIn.Catenate (3)
20170925 17:08:04.244 - INFO - +---- START KW: SwingLibrary.Get Button Text [ ${component} ]
20170925 17:08:04.246 - DEBUG - Jemmy: Waiting for "Square10" subcomponent
20170925 17:08:04.246 - DEBUG - Jemmy: Start to wait action "Wait for "Square10" subcomponent to be displayed"
20170925 17:08:04.249 - DEBUG - Jemmy: "Wait for "Square10" subcomponent to be displayed" action has been produced in 3 milliseconds with result 
    : javax.swing.JButton[Square10,0,64,79x64,alignmentX=0.0,alignmentY=0.5,border=javax.swing.plaf.BorderUIResource$CompoundBorderUIResource@5c39726c,flags=296,maximumSize=,minimumSize=,preferredSize=java.awt.Dimension[width=64,height=64],defaultIcon=,disabledIcon=,disabledSelectedIcon=,margin=javax.swing.plaf.InsetsUIResource[top=2,left=14,bottom=2,right=14],paintBorder=true,paintFocus=true,pressedIcon=,rolloverEnabled=true,rolloverIcon=,rolloverSelectedIcon=,selectedIcon=,text=O,defaultCapable=true]
20170925 17:08:04.251 - INFO - ${text} = O
20170925 17:08:04.251 - INFO - +---- END KW: SwingLibrary.Get Button Text (7)
20170925 17:08:04.252 - INFO - +---- START KW: BuiltIn.Should Be Equal [ ${text} | ${mark} ]
20170925 17:08:04.254 - INFO - +---- END KW: BuiltIn.Should Be Equal (2)
20170925 17:08:04.255 - INFO - +--- END KW: Check Location (17)
~~~~~~~~~~~~~~~~~~~~~~~~~~~~~~~~~~~~~~~~~~~~~~~~~~~~~~~~~~~~~~~~~~~~~~~~~~~~~~
20170925 17:08:04.256 - INFO - +--- START KW: Mark Location [ 2 | 2 ]
20170925 17:08:04.257 - INFO - +---- START KW: BuiltIn.Catenate [ SEPARATOR= | Square | ${row} | ${col} ]
20170925 17:08:04.260 - INFO - ${component} = Square22
20170925 17:08:04.261 - INFO - +---- END KW: BuiltIn.Catenate (4)
20170925 17:08:04.262 - INFO - +---- START KW: SwingLibrary.Click On Component [ ${component} ]
20170925 17:08:04.264 - DEBUG - Jemmy: Waiting for "Square22" subcomponent
20170925 17:08:04.264 - DEBUG - Jemmy: Start to wait action "Wait for "Square22" subcomponent to be displayed"
20170925 17:08:04.264 - DEBUG - Jemmy: "Wait for "Square22" subcomponent to be displayed" action has been produced in 0 milliseconds with result 
    : javax.swing.JButton[Square22,158,128,79x64,alignmentX=0.0,alignmentY=0.5,border=javax.swing.plaf.BorderUIResource$CompoundBorderUIResource@5c39726c,flags=296,maximumSize=,minimumSize=,preferredSize=java.awt.Dimension[width=64,height=64],defaultIcon=,disabledIcon=,disabledSelectedIcon=,margin=javax.swing.plaf.InsetsUIResource[top=2,left=14,bottom=2,right=14],paintBorder=true,paintFocus=true,pressedIcon=,rolloverEnabled=true,rolloverIcon=,rolloverSelectedIcon=,selectedIcon=,text=-,defaultCapable=true]
20170925 17:08:04.270 - INFO - +---- END KW: SwingLibrary.Click On Component (8)
20170925 17:08:04.272 - INFO - +--- END KW: Mark Location (16)
~~~~~~~~~~~~~~~~~~~~~~~~~~~~~~~~~~~~~~~~~~~~~~~~~~~~~~~~~~~~~~~~~~~~~~~~~~~~~~
20170925 17:08:04.272 - INFO - +--- START KW: Check Location [ 2 | 2 | X ]
20170925 17:08:04.274 - INFO - +---- START KW: BuiltIn.Catenate [ SEPARATOR= | Square | ${row} | ${col} ]
20170925 17:08:04.277 - INFO - ${component} = Square22
20170925 17:08:04.278 - INFO - +---- END KW: BuiltIn.Catenate (4)
20170925 17:08:04.279 - INFO - +---- START KW: SwingLibrary.Get Button Text [ ${component} ]
20170925 17:08:04.281 - DEBUG - Jemmy: Waiting for "Square22" subcomponent
20170925 17:08:04.281 - DEBUG - Jemmy: Start to wait action "Wait for "Square22" subcomponent to be displayed"
20170925 17:08:04.284 - DEBUG - Jemmy: "Wait for "Square22" subcomponent to be displayed" action has been produced in 3 milliseconds with result 
    : javax.swing.JButton[Square22,158,128,79x64,disabled,alignmentX=0.0,alignmentY=0.5,border=javax.swing.plaf.BorderUIResource$CompoundBorderUIResource@5c39726c,flags=296,maximumSize=,minimumSize=,preferredSize=java.awt.Dimension[width=64,height=64],defaultIcon=,disabledIcon=,disabledSelectedIcon=,margin=javax.swing.plaf.InsetsUIResource[top=2,left=14,bottom=2,right=14],paintBorder=true,paintFocus=true,pressedIcon=,rolloverEnabled=true,rolloverIcon=,rolloverSelectedIcon=,selectedIcon=,text=X,defaultCapable=true]
20170925 17:08:04.286 - INFO - ${text} = X
20170925 17:08:04.287 - INFO - +---- END KW: SwingLibrary.Get Button Text (8)
20170925 17:08:04.287 - INFO - +---- START KW: BuiltIn.Should Be Equal [ ${text} | ${mark} ]
20170925 17:08:04.289 - INFO - +---- END KW: BuiltIn.Should Be Equal (2)
20170925 17:08:04.290 - INFO - +--- END KW: Check Location (18)
~~~~~~~~~~~~~~~~~~~~~~~~~~~~~~~~~~~~~~~~~~~~~~~~~~~~~~~~~~~~~~~~~~~~~~~~~~~~~~
20170925 17:08:04.291 - INFO - +--- START KW: Winner Should Be [ TIE ]
20170925 17:08:04.293 - INFO - +---- START KW: SwingLibrary.Get Label Content [ ResultLabel ]
20170925 17:08:04.294 - DEBUG - Jemmy: Waiting for "ResultLabel" subcomponent
20170925 17:08:04.294 - DEBUG - Jemmy: Start to wait action "Wait for "ResultLabel" subcomponent to be displayed"
20170925 17:08:04.295 - DEBUG - Jemmy: "Wait for "ResultLabel" subcomponent to be displayed" action has been produced in 1 milliseconds with result 
    : javax.swing.JLabel[ResultLabel,117,192,17x16,alignmentX=0.0,alignmentY=0.0,border=,flags=8388608,maximumSize=,minimumSize=,preferredSize=,defaultIcon=,disabledIcon=,horizontalAlignment=LEADING,horizontalTextPosition=TRAILING,iconTextGap=4,labelFor=,text=TIE,verticalAlignment=CENTER,verticalTextPosition=CENTER]
20170925 17:08:04.297 - INFO - ${text} = TIE
20170925 17:08:04.298 - INFO - +---- END KW: SwingLibrary.Get Label Content (5)
20170925 17:08:04.299 - INFO - +---- START KW: BuiltIn.Should Be Equal [ ${text} | ${winner} ]
20170925 17:08:04.301 - INFO - +---- END KW: BuiltIn.Should Be Equal (2)
20170925 17:08:04.302 - INFO - +---- START KW: SwingLibrary.Close Window [ Tic-Tac-Toe ]
20170925 17:08:04.303 - DEBUG - Jemmy: Start to wait frame "Frame with name or title 'Tic-Tac-Toe'" opened
20170925 17:08:04.303 - DEBUG - Jemmy: Frame "Frame with name or title 'Tic-Tac-Toe'" has been opened in 0 milliseconds
    javax.swing.JFrame[frame2,0,0,255x255,invalid,layout=java.awt.BorderLayout,title=Tic-Tac-Toe,resizable,normal,defaultCloseOperation=EXIT_ON_CLOSE,rootPane=javax.swing.JRootPane[,9,38,237x208,layout=javax.swing.JRootPane$RootLayout,alignmentX=0.0,alignmentY=0.0,border=,flags=16777673,maximumSize=,minimumSize=,preferredSize=],rootPaneCheckingEnabled=true]
20170925 17:08:04.462 - INFO - +---- END KW: SwingLibrary.Close Window (159)
20170925 17:08:04.464 - INFO - +--- END KW: Winner Should Be (172)
------------------------------------------------------------------------------
20170925 17:08:04.471 - INFO - +-- END TEST: Force a Tie (513)
------------------------------------------------------------------------------
20170925 17:08:04.514 - INFO - +- END SUITE: Acceptancetest.TicTacToeGUITests (2352)
==============================================================================
20170925 17:08:04.552 - INFO - +- START SUITE: Acceptancetest.TicTacToeTests [ ]
==============================================================================
20170925 17:08:04.554 - INFO - +-- START TEST: Win Diagonally as X [ ]
------------------------------------------------------------------------------
20170925 17:08:04.555 - INFO - +--- START KW: keywords.TicTacToeKeywords.Start New Game [ ]
20170925 17:08:04.557 - INFO - +--- END KW: keywords.TicTacToeKeywords.Start New Game (2)
~~~~~~~~~~~~~~~~~~~~~~~~~~~~~~~~~~~~~~~~~~~~~~~~~~~~~~~~~~~~~~~~~~~~~~~~~~~~~~
20170925 17:08:04.558 - INFO - +--- START KW: keywords.TicTacToeKeywords.Mark Location [ 1 | 1 ]
20170925 17:08:04.559 - INFO - +--- END KW: keywords.TicTacToeKeywords.Mark Location (2)
~~~~~~~~~~~~~~~~~~~~~~~~~~~~~~~~~~~~~~~~~~~~~~~~~~~~~~~~~~~~~~~~~~~~~~~~~~~~~~
20170925 17:08:04.560 - INFO - +--- START KW: Check Location [ 1 | 1 | X ]
20170925 17:08:04.561 - INFO - +---- START KW: keywords.TicTacToeKeywords.Get Mark [ ${row} | ${col} ]
20170925 17:08:04.564 - INFO - ${m} = X
20170925 17:08:04.565 - INFO - +---- END KW: keywords.TicTacToeKeywords.Get Mark (3)
20170925 17:08:04.565 - INFO - +---- START KW: BuiltIn.Should Be Equal [ ${m} | ${mark} ]
20170925 17:08:04.568 - INFO - +---- END KW: BuiltIn.Should Be Equal (2)
20170925 17:08:04.568 - INFO - +--- END KW: Check Location (8)
~~~~~~~~~~~~~~~~~~~~~~~~~~~~~~~~~~~~~~~~~~~~~~~~~~~~~~~~~~~~~~~~~~~~~~~~~~~~~~
20170925 17:08:04.569 - INFO - +--- START KW: keywords.TicTacToeKeywords.Mark Location [ 0 | 1 ]
20170925 17:08:04.571 - INFO - +--- END KW: keywords.TicTacToeKeywords.Mark Location (1)
~~~~~~~~~~~~~~~~~~~~~~~~~~~~~~~~~~~~~~~~~~~~~~~~~~~~~~~~~~~~~~~~~~~~~~~~~~~~~~
20170925 17:08:04.572 - INFO - +--- START KW: Check Location [ 0 | 1 | O ]
20170925 17:08:04.573 - INFO - +---- START KW: keywords.TicTacToeKeywords.Get Mark [ ${row} | ${col} ]
20170925 17:08:04.575 - INFO - ${m} = O
20170925 17:08:04.576 - INFO - +---- END KW: keywords.TicTacToeKeywords.Get Mark (3)
20170925 17:08:04.576 - INFO - +---- START KW: BuiltIn.Should Be Equal [ ${m} | ${mark} ]
20170925 17:08:04.579 - INFO - +---- END KW: BuiltIn.Should Be Equal (3)
20170925 17:08:04.580 - INFO - +--- END KW: Check Location (9)
~~~~~~~~~~~~~~~~~~~~~~~~~~~~~~~~~~~~~~~~~~~~~~~~~~~~~~~~~~~~~~~~~~~~~~~~~~~~~~
20170925 17:08:04.581 - INFO - +--- START KW: keywords.TicTacToeKeywords.Mark Location [ 0 | 0 ]
20170925 17:08:04.584 - INFO - +--- END KW: keywords.TicTacToeKeywords.Mark Location (2)
~~~~~~~~~~~~~~~~~~~~~~~~~~~~~~~~~~~~~~~~~~~~~~~~~~~~~~~~~~~~~~~~~~~~~~~~~~~~~~
20170925 17:08:04.585 - INFO - +--- START KW: Check Location [ 0 | 0 | X ]
20170925 17:08:04.587 - INFO - +---- START KW: keywords.TicTacToeKeywords.Get Mark [ ${row} | ${col} ]
20170925 17:08:04.589 - INFO - ${m} = X
20170925 17:08:04.590 - INFO - +---- END KW: keywords.TicTacToeKeywords.Get Mark (3)
20170925 17:08:04.591 - INFO - +---- START KW: BuiltIn.Should Be Equal [ ${m} | ${mark} ]
20170925 17:08:04.594 - INFO - +---- END KW: BuiltIn.Should Be Equal (3)
20170925 17:08:04.595 - INFO - +--- END KW: Check Location (11)
~~~~~~~~~~~~~~~~~~~~~~~~~~~~~~~~~~~~~~~~~~~~~~~~~~~~~~~~~~~~~~~~~~~~~~~~~~~~~~
20170925 17:08:04.596 - INFO - +--- START KW: keywords.TicTacToeKeywords.Mark Location [ 0 | 2 ]
20170925 17:08:04.600 - INFO - +--- END KW: keywords.TicTacToeKeywords.Mark Location (3)
~~~~~~~~~~~~~~~~~~~~~~~~~~~~~~~~~~~~~~~~~~~~~~~~~~~~~~~~~~~~~~~~~~~~~~~~~~~~~~
20170925 17:08:04.601 - INFO - +--- START KW: Check Location [ 0 | 2 | O ]
20170925 17:08:04.603 - INFO - +---- START KW: keywords.TicTacToeKeywords.Get Mark [ ${row} | ${col} ]
20170925 17:08:04.606 - INFO - ${m} = O
20170925 17:08:04.607 - INFO - +---- END KW: keywords.TicTacToeKeywords.Get Mark (4)
20170925 17:08:04.608 - INFO - +---- START KW: BuiltIn.Should Be Equal [ ${m} | ${mark} ]
20170925 17:08:04.610 - INFO - +---- END KW: BuiltIn.Should Be Equal (2)
20170925 17:08:04.611 - INFO - +--- END KW: Check Location (11)
~~~~~~~~~~~~~~~~~~~~~~~~~~~~~~~~~~~~~~~~~~~~~~~~~~~~~~~~~~~~~~~~~~~~~~~~~~~~~~
20170925 17:08:04.612 - INFO - +--- START KW: keywords.TicTacToeKeywords.Mark Location [ 2 | 2 ]
20170925 17:08:04.615 - INFO - +--- END KW: keywords.TicTacToeKeywords.Mark Location (2)
~~~~~~~~~~~~~~~~~~~~~~~~~~~~~~~~~~~~~~~~~~~~~~~~~~~~~~~~~~~~~~~~~~~~~~~~~~~~~~
20170925 17:08:04.615 - INFO - +--- START KW: Check Location [ 2 | 2 | X ]
20170925 17:08:04.617 - INFO - +---- START KW: keywords.TicTacToeKeywords.Get Mark [ ${row} | ${col} ]
20170925 17:08:04.619 - INFO - ${m} = X
20170925 17:08:04.620 - INFO - +---- END KW: keywords.TicTacToeKeywords.Get Mark (3)
20170925 17:08:04.621 - INFO - +---- START KW: BuiltIn.Should Be Equal [ ${m} | ${mark} ]
20170925 17:08:04.624 - INFO - +---- END KW: BuiltIn.Should Be Equal (2)
20170925 17:08:04.625 - INFO - +--- END KW: Check Location (10)
~~~~~~~~~~~~~~~~~~~~~~~~~~~~~~~~~~~~~~~~~~~~~~~~~~~~~~~~~~~~~~~~~~~~~~~~~~~~~~
20170925 17:08:04.626 - INFO - +--- START KW: Winner Should Be [ X ]
20170925 17:08:04.627 - INFO - +---- START KW: keywords.TicTacToeKeywords.Get Winner [ ]
20170925 17:08:04.629 - INFO - ${m} = X
20170925 17:08:04.631 - INFO - +---- END KW: keywords.TicTacToeKeywords.Get Winner (3)
20170925 17:08:04.632 - INFO - +---- START KW: BuiltIn.Should Be Equal [ ${m} | ${mark} ]
20170925 17:08:04.636 - INFO - +---- END KW: BuiltIn.Should Be Equal (3)
20170925 17:08:04.637 - INFO - +--- END KW: Winner Should Be (12)
------------------------------------------------------------------------------
20170925 17:08:04.639 - INFO - +-- END TEST: Win Diagonally as X (85)
------------------------------------------------------------------------------
20170925 17:08:04.640 - INFO - +-- START TEST: Win Horizontally as O [ ]
------------------------------------------------------------------------------
20170925 17:08:04.642 - INFO - +--- START KW: keywords.TicTacToeKeywords.Start New Game [ ]
20170925 17:08:04.643 - INFO - +--- END KW: keywords.TicTacToeKeywords.Start New Game (1)
~~~~~~~~~~~~~~~~~~~~~~~~~~~~~~~~~~~~~~~~~~~~~~~~~~~~~~~~~~~~~~~~~~~~~~~~~~~~~~
20170925 17:08:04.644 - INFO - +--- START KW: keywords.TicTacToeKeywords.Mark Location [ 1 | 1 ]
20170925 17:08:04.645 - INFO - +--- END KW: keywords.TicTacToeKeywords.Mark Location (1)
~~~~~~~~~~~~~~~~~~~~~~~~~~~~~~~~~~~~~~~~~~~~~~~~~~~~~~~~~~~~~~~~~~~~~~~~~~~~~~
20170925 17:08:04.646 - INFO - +--- START KW: Check Location [ 1 | 1 | X ]
20170925 17:08:04.648 - INFO - +---- START KW: keywords.TicTacToeKeywords.Get Mark [ ${row} | ${col} ]
20170925 17:08:04.651 - INFO - ${m} = X
20170925 17:08:04.651 - INFO - +---- END KW: keywords.TicTacToeKeywords.Get Mark (3)
20170925 17:08:04.652 - INFO - +---- START KW: BuiltIn.Should Be Equal [ ${m} | ${mark} ]
20170925 17:08:04.654 - INFO - +---- END KW: BuiltIn.Should Be Equal (2)
20170925 17:08:04.655 - INFO - +--- END KW: Check Location (9)
~~~~~~~~~~~~~~~~~~~~~~~~~~~~~~~~~~~~~~~~~~~~~~~~~~~~~~~~~~~~~~~~~~~~~~~~~~~~~~
20170925 17:08:04.656 - INFO - +--- START KW: keywords.TicTacToeKeywords.Mark Location [ 2 | 0 ]
20170925 17:08:04.658 - INFO - +--- END KW: keywords.TicTacToeKeywords.Mark Location (1)
~~~~~~~~~~~~~~~~~~~~~~~~~~~~~~~~~~~~~~~~~~~~~~~~~~~~~~~~~~~~~~~~~~~~~~~~~~~~~~
20170925 17:08:04.658 - INFO - +--- START KW: Check Location [ 2 | 0 | O ]
20170925 17:08:04.660 - INFO - +---- START KW: keywords.TicTacToeKeywords.Get Mark [ ${row} | ${col} ]
20170925 17:08:04.662 - INFO - ${m} = O
20170925 17:08:04.663 - INFO - +---- END KW: keywords.TicTacToeKeywords.Get Mark (3)
20170925 17:08:04.664 - INFO - +---- START KW: BuiltIn.Should Be Equal [ ${m} | ${mark} ]
20170925 17:08:04.666 - INFO - +---- END KW: BuiltIn.Should Be Equal (2)
20170925 17:08:04.667 - INFO - +--- END KW: Check Location (9)
~~~~~~~~~~~~~~~~~~~~~~~~~~~~~~~~~~~~~~~~~~~~~~~~~~~~~~~~~~~~~~~~~~~~~~~~~~~~~~
20170925 17:08:04.668 - INFO - +--- START KW: keywords.TicTacToeKeywords.Mark Location [ 0 | 0 ]
20170925 17:08:04.670 - INFO - +--- END KW: keywords.TicTacToeKeywords.Mark Location (1)
~~~~~~~~~~~~~~~~~~~~~~~~~~~~~~~~~~~~~~~~~~~~~~~~~~~~~~~~~~~~~~~~~~~~~~~~~~~~~~
20170925 17:08:04.670 - INFO - +--- START KW: Check Location [ 0 | 0 | X ]
20170925 17:08:04.672 - INFO - +---- START KW: keywords.TicTacToeKeywords.Get Mark [ ${row} | ${col} ]
20170925 17:08:04.674 - INFO - ${m} = X
20170925 17:08:04.675 - INFO - +---- END KW: keywords.TicTacToeKeywords.Get Mark (3)
20170925 17:08:04.675 - INFO - +---- START KW: BuiltIn.Should Be Equal [ ${m} | ${mark} ]
20170925 17:08:04.678 - INFO - +---- END KW: BuiltIn.Should Be Equal (2)
20170925 17:08:04.679 - INFO - +--- END KW: Check Location (8)
~~~~~~~~~~~~~~~~~~~~~~~~~~~~~~~~~~~~~~~~~~~~~~~~~~~~~~~~~~~~~~~~~~~~~~~~~~~~~~
20170925 17:08:04.679 - INFO - +--- START KW: keywords.TicTacToeKeywords.Mark Location [ 2 | 2 ]
20170925 17:08:04.681 - INFO - +--- END KW: keywords.TicTacToeKeywords.Mark Location (2)
~~~~~~~~~~~~~~~~~~~~~~~~~~~~~~~~~~~~~~~~~~~~~~~~~~~~~~~~~~~~~~~~~~~~~~~~~~~~~~
20170925 17:08:04.682 - INFO - +--- START KW: Check Location [ 2 | 2 | O ]
20170925 17:08:04.684 - INFO - +---- START KW: keywords.TicTacToeKeywords.Get Mark [ ${row} | ${col} ]
20170925 17:08:04.686 - INFO - ${m} = O
20170925 17:08:04.686 - INFO - +---- END KW: keywords.TicTacToeKeywords.Get Mark (2)
20170925 17:08:04.687 - INFO - +---- START KW: BuiltIn.Should Be Equal [ ${m} | ${mark} ]
20170925 17:08:04.688 - INFO - +---- END KW: BuiltIn.Should Be Equal (1)
20170925 17:08:04.689 - INFO - +--- END KW: Check Location (7)
~~~~~~~~~~~~~~~~~~~~~~~~~~~~~~~~~~~~~~~~~~~~~~~~~~~~~~~~~~~~~~~~~~~~~~~~~~~~~~
20170925 17:08:04.690 - INFO - +--- START KW: keywords.TicTacToeKeywords.Mark Location [ 0 | 2 ]
20170925 17:08:04.691 - INFO - +--- END KW: keywords.TicTacToeKeywords.Mark Location (1)
~~~~~~~~~~~~~~~~~~~~~~~~~~~~~~~~~~~~~~~~~~~~~~~~~~~~~~~~~~~~~~~~~~~~~~~~~~~~~~
20170925 17:08:04.691 - INFO - +--- START KW: Check Location [ 0 | 2 | X ]
20170925 17:08:04.692 - INFO - +---- START KW: keywords.TicTacToeKeywords.Get Mark [ ${row} | ${col} ]
20170925 17:08:04.694 - INFO - ${m} = X
20170925 17:08:04.694 - INFO - +---- END KW: keywords.TicTacToeKeywords.Get Mark (2)
20170925 17:08:04.695 - INFO - +---- START KW: BuiltIn.Should Be Equal [ ${m} | ${mark} ]
20170925 17:08:04.697 - INFO - +---- END KW: BuiltIn.Should Be Equal (1)
20170925 17:08:04.698 - INFO - +--- END KW: Check Location (6)
~~~~~~~~~~~~~~~~~~~~~~~~~~~~~~~~~~~~~~~~~~~~~~~~~~~~~~~~~~~~~~~~~~~~~~~~~~~~~~
20170925 17:08:04.698 - INFO - +--- START KW: keywords.TicTacToeKeywords.Mark Location [ 2 | 1 ]
20170925 17:08:04.700 - INFO - +--- END KW: keywords.TicTacToeKeywords.Mark Location (1)
~~~~~~~~~~~~~~~~~~~~~~~~~~~~~~~~~~~~~~~~~~~~~~~~~~~~~~~~~~~~~~~~~~~~~~~~~~~~~~
20170925 17:08:04.700 - INFO - +--- START KW: Check Location [ 2 | 1 | O ]
20170925 17:08:04.702 - INFO - +---- START KW: keywords.TicTacToeKeywords.Get Mark [ ${row} | ${col} ]
20170925 17:08:04.704 - INFO - ${m} = O
20170925 17:08:04.704 - INFO - +---- END KW: keywords.TicTacToeKeywords.Get Mark (2)
20170925 17:08:04.705 - INFO - +---- START KW: BuiltIn.Should Be Equal [ ${m} | ${mark} ]
20170925 17:08:04.706 - INFO - +---- END KW: BuiltIn.Should Be Equal (2)
20170925 17:08:04.707 - INFO - +--- END KW: Check Location (7)
~~~~~~~~~~~~~~~~~~~~~~~~~~~~~~~~~~~~~~~~~~~~~~~~~~~~~~~~~~~~~~~~~~~~~~~~~~~~~~
20170925 17:08:04.708 - INFO - +--- START KW: Winner Should Be [ O ]
20170925 17:08:04.709 - INFO - +---- START KW: keywords.TicTacToeKeywords.Get Winner [ ]
20170925 17:08:04.710 - INFO - ${m} = O
20170925 17:08:04.710 - INFO - +---- END KW: keywords.TicTacToeKeywords.Get Winner (1)
20170925 17:08:04.711 - INFO - +---- START KW: BuiltIn.Should Be Equal [ ${m} | ${mark} ]
20170925 17:08:04.712 - INFO - +---- END KW: BuiltIn.Should Be Equal (1)
20170925 17:08:04.713 - INFO - +--- END KW: Winner Should Be (6)
------------------------------------------------------------------------------
20170925 17:08:04.714 - INFO - +-- END TEST: Win Horizontally as O (74)
------------------------------------------------------------------------------
20170925 17:08:04.715 - INFO - +-- START TEST: Force a Tie [ ]
------------------------------------------------------------------------------
20170925 17:08:04.717 - INFO - +--- START KW: keywords.TicTacToeKeywords.Start New Game [ ]
20170925 17:08:04.718 - INFO - +--- END KW: keywords.TicTacToeKeywords.Start New Game (2)
~~~~~~~~~~~~~~~~~~~~~~~~~~~~~~~~~~~~~~~~~~~~~~~~~~~~~~~~~~~~~~~~~~~~~~~~~~~~~~
20170925 17:08:04.718 - INFO - +--- START KW: keywords.TicTacToeKeywords.Mark Location [ 1 | 1 ]
20170925 17:08:04.720 - INFO - +--- END KW: keywords.TicTacToeKeywords.Mark Location (1)
~~~~~~~~~~~~~~~~~~~~~~~~~~~~~~~~~~~~~~~~~~~~~~~~~~~~~~~~~~~~~~~~~~~~~~~~~~~~~~
20170925 17:08:04.720 - INFO - +--- START KW: Check Location [ 1 | 1 | X ]
20170925 17:08:04.721 - INFO - +---- START KW: keywords.TicTacToeKeywords.Get Mark [ ${row} | ${col} ]
20170925 17:08:04.723 - INFO - ${m} = X
20170925 17:08:04.724 - INFO - +---- END KW: keywords.TicTacToeKeywords.Get Mark (2)
20170925 17:08:04.724 - INFO - +---- START KW: BuiltIn.Should Be Equal [ ${m} | ${mark} ]
20170925 17:08:04.726 - INFO - +---- END KW: BuiltIn.Should Be Equal (2)
20170925 17:08:04.727 - INFO - +--- END KW: Check Location (6)
~~~~~~~~~~~~~~~~~~~~~~~~~~~~~~~~~~~~~~~~~~~~~~~~~~~~~~~~~~~~~~~~~~~~~~~~~~~~~~
20170925 17:08:04.727 - INFO - +--- START KW: keywords.TicTacToeKeywords.Mark Location [ 0 | 0 ]
20170925 17:08:04.729 - INFO - +--- END KW: keywords.TicTacToeKeywords.Mark Location (1)
~~~~~~~~~~~~~~~~~~~~~~~~~~~~~~~~~~~~~~~~~~~~~~~~~~~~~~~~~~~~~~~~~~~~~~~~~~~~~~
20170925 17:08:04.729 - INFO - +--- START KW: Check Location [ 0 | 0 | O ]
20170925 17:08:04.733 - INFO - +---- START KW: keywords.TicTacToeKeywords.Get Mark [ ${row} | ${col} ]
20170925 17:08:04.735 - INFO - ${m} = O
20170925 17:08:04.736 - INFO - +---- END KW: keywords.TicTacToeKeywords.Get Mark (4)
20170925 17:08:04.737 - INFO - +---- START KW: BuiltIn.Should Be Equal [ ${m} | ${mark} ]
20170925 17:08:04.739 - INFO - +---- END KW: BuiltIn.Should Be Equal (2)
20170925 17:08:04.740 - INFO - +--- END KW: Check Location (11)
~~~~~~~~~~~~~~~~~~~~~~~~~~~~~~~~~~~~~~~~~~~~~~~~~~~~~~~~~~~~~~~~~~~~~~~~~~~~~~
20170925 17:08:04.741 - INFO - +--- START KW: keywords.TicTacToeKeywords.Mark Location [ 2 | 0 ]
20170925 17:08:04.744 - INFO - +--- END KW: keywords.TicTacToeKeywords.Mark Location (2)
~~~~~~~~~~~~~~~~~~~~~~~~~~~~~~~~~~~~~~~~~~~~~~~~~~~~~~~~~~~~~~~~~~~~~~~~~~~~~~
20170925 17:08:04.744 - INFO - +--- START KW: Check Location [ 2 | 0 | X ]
20170925 17:08:04.747 - INFO - +---- START KW: keywords.TicTacToeKeywords.Get Mark [ ${row} | ${col} ]
20170925 17:08:04.750 - INFO - ${m} = X
20170925 17:08:04.751 - INFO - +---- END KW: keywords.TicTacToeKeywords.Get Mark (3)
20170925 17:08:04.752 - INFO - +---- START KW: BuiltIn.Should Be Equal [ ${m} | ${mark} ]
20170925 17:08:04.754 - INFO - +---- END KW: BuiltIn.Should Be Equal (3)
20170925 17:08:04.755 - INFO - +--- END KW: Check Location (11)
~~~~~~~~~~~~~~~~~~~~~~~~~~~~~~~~~~~~~~~~~~~~~~~~~~~~~~~~~~~~~~~~~~~~~~~~~~~~~~
20170925 17:08:04.755 - INFO - +--- START KW: keywords.TicTacToeKeywords.Mark Location [ 0 | 2 ]
20170925 17:08:04.757 - INFO - +--- END KW: keywords.TicTacToeKeywords.Mark Location (2)
~~~~~~~~~~~~~~~~~~~~~~~~~~~~~~~~~~~~~~~~~~~~~~~~~~~~~~~~~~~~~~~~~~~~~~~~~~~~~~
20170925 17:08:04.757 - INFO - +--- START KW: Check Location [ 0 | 2 | O ]
20170925 17:08:04.759 - INFO - +---- START KW: keywords.TicTacToeKeywords.Get Mark [ ${row} | ${col} ]
20170925 17:08:04.761 - INFO - ${m} = O
20170925 17:08:04.762 - INFO - +---- END KW: keywords.TicTacToeKeywords.Get Mark (2)
20170925 17:08:04.762 - INFO - +---- START KW: BuiltIn.Should Be Equal [ ${m} | ${mark} ]
20170925 17:08:04.764 - INFO - +---- END KW: BuiltIn.Should Be Equal (2)
20170925 17:08:04.765 - INFO - +--- END KW: Check Location (8)
~~~~~~~~~~~~~~~~~~~~~~~~~~~~~~~~~~~~~~~~~~~~~~~~~~~~~~~~~~~~~~~~~~~~~~~~~~~~~~
20170925 17:08:04.766 - INFO - +--- START KW: keywords.TicTacToeKeywords.Mark Location [ 0 | 1 ]
20170925 17:08:04.768 - INFO - +--- END KW: keywords.TicTacToeKeywords.Mark Location (2)
~~~~~~~~~~~~~~~~~~~~~~~~~~~~~~~~~~~~~~~~~~~~~~~~~~~~~~~~~~~~~~~~~~~~~~~~~~~~~~
20170925 17:08:04.769 - INFO - +--- START KW: Check Location [ 0 | 1 | X ]
20170925 17:08:04.771 - INFO - +---- START KW: keywords.TicTacToeKeywords.Get Mark [ ${row} | ${col} ]
20170925 17:08:04.774 - INFO - ${m} = X
20170925 17:08:04.774 - INFO - +---- END KW: keywords.TicTacToeKeywords.Get Mark (3)
20170925 17:08:04.775 - INFO - +---- START KW: BuiltIn.Should Be Equal [ ${m} | ${mark} ]
20170925 17:08:04.777 - INFO - +---- END KW: BuiltIn.Should Be Equal (1)
20170925 17:08:04.777 - INFO - +--- END KW: Check Location (9)
~~~~~~~~~~~~~~~~~~~~~~~~~~~~~~~~~~~~~~~~~~~~~~~~~~~~~~~~~~~~~~~~~~~~~~~~~~~~~~
20170925 17:08:04.778 - INFO - +--- START KW: keywords.TicTacToeKeywords.Mark Location [ 2 | 1 ]
20170925 17:08:04.779 - INFO - +--- END KW: keywords.TicTacToeKeywords.Mark Location (1)
~~~~~~~~~~~~~~~~~~~~~~~~~~~~~~~~~~~~~~~~~~~~~~~~~~~~~~~~~~~~~~~~~~~~~~~~~~~~~~
20170925 17:08:04.780 - INFO - +--- START KW: Check Location [ 2 | 1 | O ]
20170925 17:08:04.782 - INFO - +---- START KW: keywords.TicTacToeKeywords.Get Mark [ ${row} | ${col} ]
20170925 17:08:04.784 - INFO - ${m} = O
20170925 17:08:04.784 - INFO - +---- END KW: keywords.TicTacToeKeywords.Get Mark (2)
20170925 17:08:04.785 - INFO - +---- START KW: BuiltIn.Should Be Equal [ ${m} | ${mark} ]
20170925 17:08:04.787 - INFO - +---- END KW: BuiltIn.Should Be Equal (1)
20170925 17:08:04.787 - INFO - +--- END KW: Check Location (7)
~~~~~~~~~~~~~~~~~~~~~~~~~~~~~~~~~~~~~~~~~~~~~~~~~~~~~~~~~~~~~~~~~~~~~~~~~~~~~~
20170925 17:08:04.788 - INFO - +--- START KW: keywords.TicTacToeKeywords.Mark Location [ 1 | 2 ]
20170925 17:08:04.789 - INFO - +--- END KW: keywords.TicTacToeKeywords.Mark Location (1)
~~~~~~~~~~~~~~~~~~~~~~~~~~~~~~~~~~~~~~~~~~~~~~~~~~~~~~~~~~~~~~~~~~~~~~~~~~~~~~
20170925 17:08:04.790 - INFO - +--- START KW: Check Location [ 1 | 2 | X ]
20170925 17:08:04.792 - INFO - +---- START KW: keywords.TicTacToeKeywords.Get Mark [ ${row} | ${col} ]
20170925 17:08:04.793 - INFO - ${m} = X
20170925 17:08:04.794 - INFO - +---- END KW: keywords.TicTacToeKeywords.Get Mark (2)
20170925 17:08:04.795 - INFO - +---- START KW: BuiltIn.Should Be Equal [ ${m} | ${mark} ]
20170925 17:08:04.797 - INFO - +---- END KW: BuiltIn.Should Be Equal (2)
20170925 17:08:04.798 - INFO - +--- END KW: Check Location (7)
~~~~~~~~~~~~~~~~~~~~~~~~~~~~~~~~~~~~~~~~~~~~~~~~~~~~~~~~~~~~~~~~~~~~~~~~~~~~~~
20170925 17:08:04.798 - INFO - +--- START KW: keywords.TicTacToeKeywords.Mark Location [ 1 | 0 ]
20170925 17:08:04.799 - INFO - +--- END KW: keywords.TicTacToeKeywords.Mark Location (1)
~~~~~~~~~~~~~~~~~~~~~~~~~~~~~~~~~~~~~~~~~~~~~~~~~~~~~~~~~~~~~~~~~~~~~~~~~~~~~~
20170925 17:08:04.800 - INFO - +--- START KW: Check Location [ 1 | 0 | O ]
20170925 17:08:04.802 - INFO - +---- START KW: keywords.TicTacToeKeywords.Get Mark [ ${row} | ${col} ]
20170925 17:08:04.803 - INFO - ${m} = O
20170925 17:08:04.804 - INFO - +---- END KW: keywords.TicTacToeKeywords.Get Mark (2)
20170925 17:08:04.805 - INFO - +---- START KW: BuiltIn.Should Be Equal [ ${m} | ${mark} ]
20170925 17:08:04.807 - INFO - +---- END KW: BuiltIn.Should Be Equal (2)
20170925 17:08:04.808 - INFO - +--- END KW: Check Location (8)
~~~~~~~~~~~~~~~~~~~~~~~~~~~~~~~~~~~~~~~~~~~~~~~~~~~~~~~~~~~~~~~~~~~~~~~~~~~~~~
20170925 17:08:04.809 - INFO - +--- START KW: keywords.TicTacToeKeywords.Mark Location [ 2 | 2 ]
20170925 17:08:04.811 - INFO - +--- END KW: keywords.TicTacToeKeywords.Mark Location (2)
~~~~~~~~~~~~~~~~~~~~~~~~~~~~~~~~~~~~~~~~~~~~~~~~~~~~~~~~~~~~~~~~~~~~~~~~~~~~~~
20170925 17:08:04.812 - INFO - +--- START KW: Check Location [ 2 | 2 | X ]
20170925 17:08:04.814 - INFO - +---- START KW: keywords.TicTacToeKeywords.Get Mark [ ${row} | ${col} ]
20170925 17:08:04.817 - INFO - ${m} = X
20170925 17:08:04.818 - INFO - +---- END KW: keywords.TicTacToeKeywords.Get Mark (3)
20170925 17:08:04.819 - INFO - +---- START KW: BuiltIn.Should Be Equal [ ${m} | ${mark} ]
20170925 17:08:04.823 - INFO - +---- END KW: BuiltIn.Should Be Equal (4)
20170925 17:08:04.824 - INFO - +--- END KW: Check Location (12)
~~~~~~~~~~~~~~~~~~~~~~~~~~~~~~~~~~~~~~~~~~~~~~~~~~~~~~~~~~~~~~~~~~~~~~~~~~~~~~
20170925 17:08:04.825 - INFO - +--- START KW: Winner Should Be [ TIE ]
20170925 17:08:04.826 - INFO - +---- START KW: keywords.TicTacToeKeywords.Get Winner [ ]
20170925 17:08:04.827 - INFO - ${m} = TIE
20170925 17:08:04.828 - INFO - +---- END KW: keywords.TicTacToeKeywords.Get Winner (2)
20170925 17:08:04.829 - INFO - +---- START KW: BuiltIn.Should Be Equal [ ${m} | ${mark} ]
20170925 17:08:04.831 - INFO - +---- END KW: BuiltIn.Should Be Equal (2)
20170925 17:08:04.832 - INFO - +--- END KW: Winner Should Be (8)
------------------------------------------------------------------------------
20170925 17:08:04.833 - INFO - +-- END TEST: Force a Tie (117)
------------------------------------------------------------------------------
20170925 17:08:04.836 - INFO - +- END SUITE: Acceptancetest.TicTacToeTests (319)
==============================================================================
20170925 17:08:04.848 - INFO - + END SUITE: Acceptancetest (2899)
==============================================================================
